	.text
	.syntax unified
	.eabi_attribute	67, "2.09"	@ Tag_conformance
	.cpu	cortex-m23
	.eabi_attribute	6, 16	@ Tag_CPU_arch
	.eabi_attribute	7, 77	@ Tag_CPU_arch_profile
	.eabi_attribute	8, 0	@ Tag_ARM_ISA_use
	.eabi_attribute	9, 3	@ Tag_THUMB_ISA_use
	.eabi_attribute	34, 0	@ Tag_CPU_unaligned_access
	.eabi_attribute	17, 1	@ Tag_ABI_PCS_GOT_use
	.eabi_attribute	20, 2	@ Tag_ABI_FP_denormal
	.eabi_attribute	21, 0	@ Tag_ABI_FP_exceptions
	.eabi_attribute	23, 1	@ Tag_ABI_FP_number_model
	.eabi_attribute	24, 1	@ Tag_ABI_align_needed
	.eabi_attribute	25, 1	@ Tag_ABI_align_preserved
	.eabi_attribute	38, 1	@ Tag_ABI_FP_16bit_format
	.eabi_attribute	18, 2	@ Tag_ABI_PCS_wchar_t
	.eabi_attribute	26, 1	@ Tag_ABI_enum_size
	.eabi_attribute	14, 0	@ Tag_ABI_PCS_R9_use
	.file	"gpio.c"
	.section	.text.GPIO_SetMode,"ax",%progbits
	.hidden	GPIO_SetMode                    @ -- Begin function GPIO_SetMode
	.globl	GPIO_SetMode
	.p2align	1
	.type	GPIO_SetMode,%function
	.code	16                              @ @GPIO_SetMode
	.thumb_func
GPIO_SetMode:
.Lfunc_begin0:
	.file	1 "E:\\BERSY\\sdk\\SampleCode\\NuCodeGen\\scale_v1\\KEIL" "../../../../Library/StdDriver/src/gpio.c"
	.loc	1 41 0                          @ ../../../../Library/StdDriver/src/gpio.c:41:0
	.fnstart
	.cfi_sections .debug_frame
	.cfi_startproc
@ %bb.0:
	.pad	#16
	sub	sp, #16
	.cfi_def_cfa_offset 16
	str	r0, [sp, #12]
	str	r1, [sp, #8]
	str	r2, [sp, #4]
	movs	r0, #0
.Ltmp0:
	.loc	1 44 12 prologue_end            @ ../../../../Library/StdDriver/src/gpio.c:44:12
	str	r0, [sp]
	.loc	1 44 10 is_stmt 0               @ ../../../../Library/StdDriver/src/gpio.c:44:10
	b	.LBB0_1
.LBB0_1:                                @ =>This Inner Loop Header: Depth=1
.Ltmp1:
	.loc	1 44 19                         @ ../../../../Library/StdDriver/src/gpio.c:44:19
	ldr	r0, [sp]
.Ltmp2:
	.loc	1 44 5                          @ ../../../../Library/StdDriver/src/gpio.c:44:5
	cmp	r0, #15
	bhi	.LBB0_6
	b	.LBB0_2
.LBB0_2:                                @   in Loop: Header=BB0_1 Depth=1
.Ltmp3:
	.loc	1 46 13 is_stmt 1               @ ../../../../Library/StdDriver/src/gpio.c:46:13
	ldr	r0, [sp, #8]
	.loc	1 46 34 is_stmt 0               @ ../../../../Library/StdDriver/src/gpio.c:46:34
	ldr	r1, [sp]
.Ltmp4:
	.loc	1 46 13                         @ ../../../../Library/StdDriver/src/gpio.c:46:13
	lsrs	r0, r1
	lsls	r0, r0, #31
	cbz	r0, .LBB0_4
	b	.LBB0_3
.LBB0_3:                                @   in Loop: Header=BB0_1 Depth=1
.Ltmp5:
	.loc	1 48 27 is_stmt 1               @ ../../../../Library/StdDriver/src/gpio.c:48:27
	ldr	r0, [sp, #12]
	.loc	1 48 33 is_stmt 0               @ ../../../../Library/StdDriver/src/gpio.c:48:33
	ldr	r0, [r0]
	.loc	1 48 52                         @ ../../../../Library/StdDriver/src/gpio.c:48:52
	ldr	r1, [sp]
	.loc	1 48 54                         @ ../../../../Library/StdDriver/src/gpio.c:48:54
	lsls	r2, r1, #1
	movs	r1, #3
	.loc	1 48 48                         @ ../../../../Library/StdDriver/src/gpio.c:48:48
	lsls	r1, r2
	.loc	1 48 38                         @ ../../../../Library/StdDriver/src/gpio.c:48:38
	bics	r0, r1
	.loc	1 48 67                         @ ../../../../Library/StdDriver/src/gpio.c:48:67
	ldr	r1, [sp, #4]
	.loc	1 48 75                         @ ../../../../Library/StdDriver/src/gpio.c:48:75
	lsls	r1, r2
	.loc	1 48 64                         @ ../../../../Library/StdDriver/src/gpio.c:48:64
	orrs	r0, r1
	.loc	1 48 13                         @ ../../../../Library/StdDriver/src/gpio.c:48:13
	ldr	r1, [sp, #12]
	.loc	1 48 24                         @ ../../../../Library/StdDriver/src/gpio.c:48:24
	str	r0, [r1]
	.loc	1 49 9 is_stmt 1                @ ../../../../Library/StdDriver/src/gpio.c:49:9
	b	.LBB0_4
.Ltmp6:
.LBB0_4:                                @   in Loop: Header=BB0_1 Depth=1
	.loc	1 50 5                          @ ../../../../Library/StdDriver/src/gpio.c:50:5
	b	.LBB0_5
.Ltmp7:
.LBB0_5:                                @   in Loop: Header=BB0_1 Depth=1
	.loc	1 44 38                         @ ../../../../Library/StdDriver/src/gpio.c:44:38
	ldr	r0, [sp]
	adds	r0, r0, #1
	str	r0, [sp]
	.loc	1 44 5 is_stmt 0                @ ../../../../Library/StdDriver/src/gpio.c:44:5
	b	.LBB0_1
.Ltmp8:
.LBB0_6:
	.loc	1 51 1 is_stmt 1                @ ../../../../Library/StdDriver/src/gpio.c:51:1
	add	sp, #16
	bx	lr
.Ltmp9:
.Lfunc_end0:
	.size	GPIO_SetMode, .Lfunc_end0-GPIO_SetMode
	.cfi_endproc
	.cantunwind
	.fnend
                                        @ -- End function
	.section	.text.GPIO_EnableInt,"ax",%progbits
	.hidden	GPIO_EnableInt                  @ -- Begin function GPIO_EnableInt
	.globl	GPIO_EnableInt
	.p2align	1
	.type	GPIO_EnableInt,%function
	.code	16                              @ @GPIO_EnableInt
	.thumb_func
GPIO_EnableInt:
.Lfunc_begin1:
	.loc	1 70 0                          @ ../../../../Library/StdDriver/src/gpio.c:70:0
	.fnstart
	.cfi_startproc
@ %bb.0:
	.pad	#12
	sub	sp, #12
	.cfi_def_cfa_offset 12
	str	r0, [sp, #8]
	str	r1, [sp, #4]
	str	r2, [sp]
	mov	r0, sp
.Ltmp10:
	.loc	1 71 25 prologue_end            @ ../../../../Library/StdDriver/src/gpio.c:71:25
	ldrb	r2, [r0, #3]
	.loc	1 71 61 is_stmt 0               @ ../../../../Library/StdDriver/src/gpio.c:71:61
	ldr	r0, [sp, #4]
	.loc	1 71 58                         @ ../../../../Library/StdDriver/src/gpio.c:71:58
	lsls	r2, r0
	.loc	1 71 5                          @ ../../../../Library/StdDriver/src/gpio.c:71:5
	ldr	r1, [sp, #8]
	.loc	1 71 19                         @ ../../../../Library/StdDriver/src/gpio.c:71:19
	ldr	r0, [r1, #24]
	orrs	r0, r2
	str	r0, [r1, #24]
	.loc	1 72 22 is_stmt 1               @ ../../../../Library/StdDriver/src/gpio.c:72:22
	ldr	r2, [sp]
	movs	r0, #255
	lsls	r0, r0, #24
	.loc	1 72 36 is_stmt 0               @ ../../../../Library/StdDriver/src/gpio.c:72:36
	bics	r2, r0
	.loc	1 72 53                         @ ../../../../Library/StdDriver/src/gpio.c:72:53
	ldr	r0, [sp, #4]
	.loc	1 72 50                         @ ../../../../Library/StdDriver/src/gpio.c:72:50
	lsls	r2, r0
	.loc	1 72 5                          @ ../../../../Library/StdDriver/src/gpio.c:72:5
	ldr	r1, [sp, #8]
	.loc	1 72 17                         @ ../../../../Library/StdDriver/src/gpio.c:72:17
	ldr	r0, [r1, #28]
	orrs	r0, r2
	str	r0, [r1, #28]
	.loc	1 73 1 is_stmt 1                @ ../../../../Library/StdDriver/src/gpio.c:73:1
	add	sp, #12
	bx	lr
.Ltmp11:
.Lfunc_end1:
	.size	GPIO_EnableInt, .Lfunc_end1-GPIO_EnableInt
	.cfi_endproc
	.cantunwind
	.fnend
                                        @ -- End function
	.section	.text.GPIO_DisableInt,"ax",%progbits
	.hidden	GPIO_DisableInt                 @ -- Begin function GPIO_DisableInt
	.globl	GPIO_DisableInt
	.p2align	2
	.type	GPIO_DisableInt,%function
	.code	16                              @ @GPIO_DisableInt
	.thumb_func
GPIO_DisableInt:
.Lfunc_begin2:
	.loc	1 90 0                          @ ../../../../Library/StdDriver/src/gpio.c:90:0
	.fnstart
	.cfi_startproc
@ %bb.0:
	.pad	#8
	sub	sp, #8
	.cfi_def_cfa_offset 8
	str	r0, [sp, #4]
	str	r1, [sp]
.Ltmp12:
	.loc	1 92 31 prologue_end            @ ../../../../Library/StdDriver/src/gpio.c:92:31
	ldr	r0, [sp]
	movs	r2, #1
	.loc	1 92 28 is_stmt 0               @ ../../../../Library/StdDriver/src/gpio.c:92:28
	lsls	r2, r0
	.loc	1 92 5                          @ ../../../../Library/StdDriver/src/gpio.c:92:5
	ldr	r1, [sp, #4]
	.loc	1 92 19                         @ ../../../../Library/StdDriver/src/gpio.c:92:19
	ldr	r0, [r1, #24]
	bics	r0, r2
	str	r0, [r1, #24]
	.loc	1 94 40 is_stmt 1               @ ../../../../Library/StdDriver/src/gpio.c:94:40
	ldr	r0, [sp]
	ldr	r2, __arm_cp.2_0
	.loc	1 94 37 is_stmt 0               @ ../../../../Library/StdDriver/src/gpio.c:94:37
	lsls	r2, r0
	.loc	1 94 5                          @ ../../../../Library/StdDriver/src/gpio.c:94:5
	ldr	r1, [sp, #4]
	.loc	1 94 17                         @ ../../../../Library/StdDriver/src/gpio.c:94:17
	ldr	r0, [r1, #28]
	bics	r0, r2
	str	r0, [r1, #28]
	.loc	1 95 1 is_stmt 1                @ ../../../../Library/StdDriver/src/gpio.c:95:1
	add	sp, #8
	bx	lr
.Ltmp13:
	.p2align	2
@ %bb.1:
	.loc	1 0 1 is_stmt 0                 @ ../../../../Library/StdDriver/src/gpio.c:0:1
__arm_cp.2_0:
	.long	65537                           @ 0x10001
.Lcpi_end0:
	.size	__arm_cp.2_0, .Lcpi_end0-__arm_cp.2_0
.Lfunc_end2:
	.size	GPIO_DisableInt, .Lfunc_end2-GPIO_DisableInt
	.cfi_endproc
	.cantunwind
	.fnend
                                        @ -- End function
	.section	.text.GPIO_SetSlewCtl,"ax",%progbits
	.hidden	GPIO_SetSlewCtl                 @ -- Begin function GPIO_SetSlewCtl
	.globl	GPIO_SetSlewCtl
	.p2align	1
	.type	GPIO_SetSlewCtl,%function
	.code	16                              @ @GPIO_SetSlewCtl
	.thumb_func
GPIO_SetSlewCtl:
.Lfunc_begin3:
	.loc	1 115 0 is_stmt 1               @ ../../../../Library/StdDriver/src/gpio.c:115:0
	.fnstart
	.cfi_startproc
@ %bb.0:
	.pad	#16
	sub	sp, #16
	.cfi_def_cfa_offset 16
	str	r0, [sp, #12]
	str	r1, [sp, #8]
	str	r2, [sp, #4]
	movs	r0, #0
.Ltmp14:
	.loc	1 118 12 prologue_end           @ ../../../../Library/StdDriver/src/gpio.c:118:12
	str	r0, [sp]
	.loc	1 118 10 is_stmt 0              @ ../../../../Library/StdDriver/src/gpio.c:118:10
	b	.LBB3_1
.LBB3_1:                                @ =>This Inner Loop Header: Depth=1
.Ltmp15:
	.loc	1 118 19                        @ ../../../../Library/StdDriver/src/gpio.c:118:19
	ldr	r0, [sp]
.Ltmp16:
	.loc	1 118 5                         @ ../../../../Library/StdDriver/src/gpio.c:118:5
	cmp	r0, #15
	bhi	.LBB3_6
	b	.LBB3_2
.LBB3_2:                                @   in Loop: Header=BB3_1 Depth=1
.Ltmp17:
	.loc	1 120 13 is_stmt 1              @ ../../../../Library/StdDriver/src/gpio.c:120:13
	ldr	r0, [sp, #8]
	.loc	1 120 34 is_stmt 0              @ ../../../../Library/StdDriver/src/gpio.c:120:34
	ldr	r1, [sp]
.Ltmp18:
	.loc	1 120 13                        @ ../../../../Library/StdDriver/src/gpio.c:120:13
	lsrs	r0, r1
	lsls	r0, r0, #31
	cbz	r0, .LBB3_4
	b	.LBB3_3
.LBB3_3:                                @   in Loop: Header=BB3_1 Depth=1
.Ltmp19:
	.loc	1 122 30 is_stmt 1              @ ../../../../Library/StdDriver/src/gpio.c:122:30
	ldr	r0, [sp, #12]
	.loc	1 122 36 is_stmt 0              @ ../../../../Library/StdDriver/src/gpio.c:122:36
	ldr	r0, [r0, #40]
	.loc	1 122 58                        @ ../../../../Library/StdDriver/src/gpio.c:122:58
	ldr	r1, [sp]
	.loc	1 122 60                        @ ../../../../Library/StdDriver/src/gpio.c:122:60
	lsls	r2, r1, #1
	movs	r1, #3
	.loc	1 122 54                        @ ../../../../Library/StdDriver/src/gpio.c:122:54
	lsls	r1, r2
	.loc	1 122 44                        @ ../../../../Library/StdDriver/src/gpio.c:122:44
	bics	r0, r1
	.loc	1 122 73                        @ ../../../../Library/StdDriver/src/gpio.c:122:73
	ldr	r1, [sp, #4]
	.loc	1 122 81                        @ ../../../../Library/StdDriver/src/gpio.c:122:81
	lsls	r1, r2
	.loc	1 122 70                        @ ../../../../Library/StdDriver/src/gpio.c:122:70
	orrs	r0, r1
	.loc	1 122 13                        @ ../../../../Library/StdDriver/src/gpio.c:122:13
	ldr	r1, [sp, #12]
	.loc	1 122 27                        @ ../../../../Library/StdDriver/src/gpio.c:122:27
	str	r0, [r1, #40]
	.loc	1 123 9 is_stmt 1               @ ../../../../Library/StdDriver/src/gpio.c:123:9
	b	.LBB3_4
.Ltmp20:
.LBB3_4:                                @   in Loop: Header=BB3_1 Depth=1
	.loc	1 124 5                         @ ../../../../Library/StdDriver/src/gpio.c:124:5
	b	.LBB3_5
.Ltmp21:
.LBB3_5:                                @   in Loop: Header=BB3_1 Depth=1
	.loc	1 118 38                        @ ../../../../Library/StdDriver/src/gpio.c:118:38
	ldr	r0, [sp]
	adds	r0, r0, #1
	str	r0, [sp]
	.loc	1 118 5 is_stmt 0               @ ../../../../Library/StdDriver/src/gpio.c:118:5
	b	.LBB3_1
.Ltmp22:
.LBB3_6:
	.loc	1 125 1 is_stmt 1               @ ../../../../Library/StdDriver/src/gpio.c:125:1
	add	sp, #16
	bx	lr
.Ltmp23:
.Lfunc_end3:
	.size	GPIO_SetSlewCtl, .Lfunc_end3-GPIO_SetSlewCtl
	.cfi_endproc
	.cantunwind
	.fnend
                                        @ -- End function
	.section	.text.GPIO_SetPullCtl,"ax",%progbits
	.hidden	GPIO_SetPullCtl                 @ -- Begin function GPIO_SetPullCtl
	.globl	GPIO_SetPullCtl
	.p2align	1
	.type	GPIO_SetPullCtl,%function
	.code	16                              @ @GPIO_SetPullCtl
	.thumb_func
GPIO_SetPullCtl:
.Lfunc_begin4:
	.loc	1 147 0                         @ ../../../../Library/StdDriver/src/gpio.c:147:0
	.fnstart
	.cfi_startproc
@ %bb.0:
	.pad	#16
	sub	sp, #16
	.cfi_def_cfa_offset 16
	str	r0, [sp, #12]
	str	r1, [sp, #8]
	str	r2, [sp, #4]
	movs	r0, #0
.Ltmp24:
	.loc	1 150 12 prologue_end           @ ../../../../Library/StdDriver/src/gpio.c:150:12
	str	r0, [sp]
	.loc	1 150 10 is_stmt 0              @ ../../../../Library/StdDriver/src/gpio.c:150:10
	b	.LBB4_1
.LBB4_1:                                @ =>This Inner Loop Header: Depth=1
.Ltmp25:
	.loc	1 150 19                        @ ../../../../Library/StdDriver/src/gpio.c:150:19
	ldr	r0, [sp]
.Ltmp26:
	.loc	1 150 5                         @ ../../../../Library/StdDriver/src/gpio.c:150:5
	cmp	r0, #15
	bhi	.LBB4_6
	b	.LBB4_2
.LBB4_2:                                @   in Loop: Header=BB4_1 Depth=1
.Ltmp27:
	.loc	1 152 13 is_stmt 1              @ ../../../../Library/StdDriver/src/gpio.c:152:13
	ldr	r0, [sp, #8]
	.loc	1 152 34 is_stmt 0              @ ../../../../Library/StdDriver/src/gpio.c:152:34
	ldr	r1, [sp]
.Ltmp28:
	.loc	1 152 13                        @ ../../../../Library/StdDriver/src/gpio.c:152:13
	lsrs	r0, r1
	lsls	r0, r0, #31
	cbz	r0, .LBB4_4
	b	.LBB4_3
.LBB4_3:                                @   in Loop: Header=BB4_1 Depth=1
.Ltmp29:
	.loc	1 154 28 is_stmt 1              @ ../../../../Library/StdDriver/src/gpio.c:154:28
	ldr	r0, [sp, #12]
	.loc	1 154 34 is_stmt 0              @ ../../../../Library/StdDriver/src/gpio.c:154:34
	ldr	r0, [r0, #48]
	.loc	1 154 54                        @ ../../../../Library/StdDriver/src/gpio.c:154:54
	ldr	r1, [sp]
	.loc	1 154 56                        @ ../../../../Library/StdDriver/src/gpio.c:154:56
	lsls	r2, r1, #1
	movs	r1, #3
	.loc	1 154 50                        @ ../../../../Library/StdDriver/src/gpio.c:154:50
	lsls	r1, r2
	.loc	1 154 40                        @ ../../../../Library/StdDriver/src/gpio.c:154:40
	bics	r0, r1
	.loc	1 154 69                        @ ../../../../Library/StdDriver/src/gpio.c:154:69
	ldr	r1, [sp, #4]
	.loc	1 154 77                        @ ../../../../Library/StdDriver/src/gpio.c:154:77
	lsls	r1, r2
	.loc	1 154 66                        @ ../../../../Library/StdDriver/src/gpio.c:154:66
	orrs	r0, r1
	.loc	1 154 13                        @ ../../../../Library/StdDriver/src/gpio.c:154:13
	ldr	r1, [sp, #12]
	.loc	1 154 25                        @ ../../../../Library/StdDriver/src/gpio.c:154:25
	str	r0, [r1, #48]
	.loc	1 155 9 is_stmt 1               @ ../../../../Library/StdDriver/src/gpio.c:155:9
	b	.LBB4_4
.Ltmp30:
.LBB4_4:                                @   in Loop: Header=BB4_1 Depth=1
	.loc	1 156 5                         @ ../../../../Library/StdDriver/src/gpio.c:156:5
	b	.LBB4_5
.Ltmp31:
.LBB4_5:                                @   in Loop: Header=BB4_1 Depth=1
	.loc	1 150 38                        @ ../../../../Library/StdDriver/src/gpio.c:150:38
	ldr	r0, [sp]
	adds	r0, r0, #1
	str	r0, [sp]
	.loc	1 150 5 is_stmt 0               @ ../../../../Library/StdDriver/src/gpio.c:150:5
	b	.LBB4_1
.Ltmp32:
.LBB4_6:
	.loc	1 157 1 is_stmt 1               @ ../../../../Library/StdDriver/src/gpio.c:157:1
	add	sp, #16
	bx	lr
.Ltmp33:
.Lfunc_end4:
	.size	GPIO_SetPullCtl, .Lfunc_end4-GPIO_SetPullCtl
	.cfi_endproc
	.cantunwind
	.fnend
                                        @ -- End function
	.file	2 "C:\\Keil_v5\\ARM\\ARMCLANG\\Bin\\..\\include" "stdint.h"
	.file	3 "E:\\BERSY\\sdk\\SampleCode\\NuCodeGen\\scale_v1\\KEIL" "../../../../Library/Device/Nuvoton/M251/Include/gpio_reg.h"
	.section	.debug_abbrev,"",%progbits
	.byte	1                               @ Abbreviation Code
	.byte	17                              @ DW_TAG_compile_unit
	.byte	1                               @ DW_CHILDREN_yes
	.byte	37                              @ DW_AT_producer
	.byte	14                              @ DW_FORM_strp
	.byte	19                              @ DW_AT_language
	.byte	5                               @ DW_FORM_data2
	.byte	3                               @ DW_AT_name
	.byte	14                              @ DW_FORM_strp
	.byte	16                              @ DW_AT_stmt_list
	.byte	23                              @ DW_FORM_sec_offset
	.byte	27                              @ DW_AT_comp_dir
	.byte	14                              @ DW_FORM_strp
	.byte	17                              @ DW_AT_low_pc
	.byte	1                               @ DW_FORM_addr
	.byte	85                              @ DW_AT_ranges
	.byte	23                              @ DW_FORM_sec_offset
	.byte	0                               @ EOM(1)
	.byte	0                               @ EOM(2)
	.byte	2                               @ Abbreviation Code
	.byte	46                              @ DW_TAG_subprogram
	.byte	1                               @ DW_CHILDREN_yes
	.byte	17                              @ DW_AT_low_pc
	.byte	1                               @ DW_FORM_addr
	.byte	18                              @ DW_AT_high_pc
	.byte	6                               @ DW_FORM_data4
	.byte	64                              @ DW_AT_frame_base
	.byte	24                              @ DW_FORM_exprloc
	.byte	3                               @ DW_AT_name
	.byte	14                              @ DW_FORM_strp
	.byte	58                              @ DW_AT_decl_file
	.byte	11                              @ DW_FORM_data1
	.byte	59                              @ DW_AT_decl_line
	.byte	11                              @ DW_FORM_data1
	.byte	39                              @ DW_AT_prototyped
	.byte	25                              @ DW_FORM_flag_present
	.byte	63                              @ DW_AT_external
	.byte	25                              @ DW_FORM_flag_present
	.byte	0                               @ EOM(1)
	.byte	0                               @ EOM(2)
	.byte	3                               @ Abbreviation Code
	.byte	5                               @ DW_TAG_formal_parameter
	.byte	0                               @ DW_CHILDREN_no
	.byte	2                               @ DW_AT_location
	.byte	24                              @ DW_FORM_exprloc
	.byte	3                               @ DW_AT_name
	.byte	14                              @ DW_FORM_strp
	.byte	58                              @ DW_AT_decl_file
	.byte	11                              @ DW_FORM_data1
	.byte	59                              @ DW_AT_decl_line
	.byte	11                              @ DW_FORM_data1
	.byte	73                              @ DW_AT_type
	.byte	19                              @ DW_FORM_ref4
	.byte	0                               @ EOM(1)
	.byte	0                               @ EOM(2)
	.byte	4                               @ Abbreviation Code
	.byte	52                              @ DW_TAG_variable
	.byte	0                               @ DW_CHILDREN_no
	.byte	2                               @ DW_AT_location
	.byte	24                              @ DW_FORM_exprloc
	.byte	3                               @ DW_AT_name
	.byte	14                              @ DW_FORM_strp
	.byte	58                              @ DW_AT_decl_file
	.byte	11                              @ DW_FORM_data1
	.byte	59                              @ DW_AT_decl_line
	.byte	11                              @ DW_FORM_data1
	.byte	73                              @ DW_AT_type
	.byte	19                              @ DW_FORM_ref4
	.byte	0                               @ EOM(1)
	.byte	0                               @ EOM(2)
	.byte	5                               @ Abbreviation Code
	.byte	15                              @ DW_TAG_pointer_type
	.byte	0                               @ DW_CHILDREN_no
	.byte	73                              @ DW_AT_type
	.byte	19                              @ DW_FORM_ref4
	.byte	0                               @ EOM(1)
	.byte	0                               @ EOM(2)
	.byte	6                               @ Abbreviation Code
	.byte	22                              @ DW_TAG_typedef
	.byte	0                               @ DW_CHILDREN_no
	.byte	73                              @ DW_AT_type
	.byte	19                              @ DW_FORM_ref4
	.byte	3                               @ DW_AT_name
	.byte	14                              @ DW_FORM_strp
	.byte	58                              @ DW_AT_decl_file
	.byte	11                              @ DW_FORM_data1
	.byte	59                              @ DW_AT_decl_line
	.byte	11                              @ DW_FORM_data1
	.byte	0                               @ EOM(1)
	.byte	0                               @ EOM(2)
	.byte	7                               @ Abbreviation Code
	.byte	19                              @ DW_TAG_structure_type
	.byte	1                               @ DW_CHILDREN_yes
	.byte	11                              @ DW_AT_byte_size
	.byte	11                              @ DW_FORM_data1
	.byte	58                              @ DW_AT_decl_file
	.byte	11                              @ DW_FORM_data1
	.byte	59                              @ DW_AT_decl_line
	.byte	11                              @ DW_FORM_data1
	.byte	0                               @ EOM(1)
	.byte	0                               @ EOM(2)
	.byte	8                               @ Abbreviation Code
	.byte	13                              @ DW_TAG_member
	.byte	0                               @ DW_CHILDREN_no
	.byte	3                               @ DW_AT_name
	.byte	14                              @ DW_FORM_strp
	.byte	73                              @ DW_AT_type
	.byte	19                              @ DW_FORM_ref4
	.byte	58                              @ DW_AT_decl_file
	.byte	11                              @ DW_FORM_data1
	.byte	59                              @ DW_AT_decl_line
	.byte	11                              @ DW_FORM_data1
	.byte	56                              @ DW_AT_data_member_location
	.byte	11                              @ DW_FORM_data1
	.byte	0                               @ EOM(1)
	.byte	0                               @ EOM(2)
	.byte	9                               @ Abbreviation Code
	.byte	53                              @ DW_TAG_volatile_type
	.byte	0                               @ DW_CHILDREN_no
	.byte	73                              @ DW_AT_type
	.byte	19                              @ DW_FORM_ref4
	.byte	0                               @ EOM(1)
	.byte	0                               @ EOM(2)
	.byte	10                              @ Abbreviation Code
	.byte	36                              @ DW_TAG_base_type
	.byte	0                               @ DW_CHILDREN_no
	.byte	3                               @ DW_AT_name
	.byte	14                              @ DW_FORM_strp
	.byte	62                              @ DW_AT_encoding
	.byte	11                              @ DW_FORM_data1
	.byte	11                              @ DW_AT_byte_size
	.byte	11                              @ DW_FORM_data1
	.byte	0                               @ EOM(1)
	.byte	0                               @ EOM(2)
	.byte	11                              @ Abbreviation Code
	.byte	38                              @ DW_TAG_const_type
	.byte	0                               @ DW_CHILDREN_no
	.byte	73                              @ DW_AT_type
	.byte	19                              @ DW_FORM_ref4
	.byte	0                               @ EOM(1)
	.byte	0                               @ EOM(2)
	.byte	12                              @ Abbreviation Code
	.byte	1                               @ DW_TAG_array_type
	.byte	1                               @ DW_CHILDREN_yes
	.byte	73                              @ DW_AT_type
	.byte	19                              @ DW_FORM_ref4
	.byte	0                               @ EOM(1)
	.byte	0                               @ EOM(2)
	.byte	13                              @ Abbreviation Code
	.byte	33                              @ DW_TAG_subrange_type
	.byte	0                               @ DW_CHILDREN_no
	.byte	73                              @ DW_AT_type
	.byte	19                              @ DW_FORM_ref4
	.byte	55                              @ DW_AT_count
	.byte	11                              @ DW_FORM_data1
	.byte	0                               @ EOM(1)
	.byte	0                               @ EOM(2)
	.byte	14                              @ Abbreviation Code
	.byte	36                              @ DW_TAG_base_type
	.byte	0                               @ DW_CHILDREN_no
	.byte	3                               @ DW_AT_name
	.byte	14                              @ DW_FORM_strp
	.byte	11                              @ DW_AT_byte_size
	.byte	11                              @ DW_FORM_data1
	.byte	62                              @ DW_AT_encoding
	.byte	11                              @ DW_FORM_data1
	.byte	0                               @ EOM(1)
	.byte	0                               @ EOM(2)
	.byte	0                               @ EOM(3)
	.section	.debug_info,"",%progbits
.Lcu_begin0:
	.long	.Ldebug_info_end0-.Ldebug_info_start0 @ Length of Unit
.Ldebug_info_start0:
	.short	4                               @ DWARF version number
	.long	.debug_abbrev                   @ Offset Into Abbrev. Section
	.byte	4                               @ Address Size (in bytes)
	.byte	1                               @ Abbrev [1] 0xb:0x244 DW_TAG_compile_unit
	.long	.Linfo_string0                  @ DW_AT_producer
	.short	12                              @ DW_AT_language
	.long	.Linfo_string1                  @ DW_AT_name
	.long	.Lline_table_start0             @ DW_AT_stmt_list
	.long	.Linfo_string2                  @ DW_AT_comp_dir
	.long	0                               @ DW_AT_low_pc
	.long	.Ldebug_ranges0                 @ DW_AT_ranges
	.byte	2                               @ Abbrev [2] 0x26:0x4a DW_TAG_subprogram
	.long	.Lfunc_begin0                   @ DW_AT_low_pc
	.long	.Lfunc_end0-.Lfunc_begin0       @ DW_AT_high_pc
	.byte	1                               @ DW_AT_frame_base
	.byte	93
	.long	.Linfo_string3                  @ DW_AT_name
	.byte	1                               @ DW_AT_decl_file
	.byte	40                              @ DW_AT_decl_line
                                        @ DW_AT_prototyped
                                        @ DW_AT_external
	.byte	3                               @ Abbrev [3] 0x37:0xe DW_TAG_formal_parameter
	.byte	2                               @ DW_AT_location
	.byte	145
	.byte	12
	.long	.Linfo_string8                  @ DW_AT_name
	.byte	1                               @ DW_AT_decl_file
	.byte	40                              @ DW_AT_decl_line
	.long	366                             @ DW_AT_type
	.byte	3                               @ Abbrev [3] 0x45:0xe DW_TAG_formal_parameter
	.byte	2                               @ DW_AT_location
	.byte	145
	.byte	8
	.long	.Linfo_string26                 @ DW_AT_name
	.byte	1                               @ DW_AT_decl_file
	.byte	40                              @ DW_AT_decl_line
	.long	548                             @ DW_AT_type
	.byte	3                               @ Abbrev [3] 0x53:0xe DW_TAG_formal_parameter
	.byte	2                               @ DW_AT_location
	.byte	145
	.byte	4
	.long	.Linfo_string27                 @ DW_AT_name
	.byte	1                               @ DW_AT_decl_file
	.byte	40                              @ DW_AT_decl_line
	.long	548                             @ DW_AT_type
	.byte	4                               @ Abbrev [4] 0x61:0xe DW_TAG_variable
	.byte	2                               @ DW_AT_location
	.byte	145
	.byte	0
	.long	.Linfo_string28                 @ DW_AT_name
	.byte	1                               @ DW_AT_decl_file
	.byte	42                              @ DW_AT_decl_line
	.long	548                             @ DW_AT_type
	.byte	0                               @ End Of Children Mark
	.byte	2                               @ Abbrev [2] 0x70:0x3c DW_TAG_subprogram
	.long	.Lfunc_begin1                   @ DW_AT_low_pc
	.long	.Lfunc_end1-.Lfunc_begin1       @ DW_AT_high_pc
	.byte	1                               @ DW_AT_frame_base
	.byte	93
	.long	.Linfo_string4                  @ DW_AT_name
	.byte	1                               @ DW_AT_decl_file
	.byte	69                              @ DW_AT_decl_line
                                        @ DW_AT_prototyped
                                        @ DW_AT_external
	.byte	3                               @ Abbrev [3] 0x81:0xe DW_TAG_formal_parameter
	.byte	2                               @ DW_AT_location
	.byte	145
	.byte	8
	.long	.Linfo_string8                  @ DW_AT_name
	.byte	1                               @ DW_AT_decl_file
	.byte	69                              @ DW_AT_decl_line
	.long	366                             @ DW_AT_type
	.byte	3                               @ Abbrev [3] 0x8f:0xe DW_TAG_formal_parameter
	.byte	2                               @ DW_AT_location
	.byte	145
	.byte	4
	.long	.Linfo_string29                 @ DW_AT_name
	.byte	1                               @ DW_AT_decl_file
	.byte	69                              @ DW_AT_decl_line
	.long	548                             @ DW_AT_type
	.byte	3                               @ Abbrev [3] 0x9d:0xe DW_TAG_formal_parameter
	.byte	2                               @ DW_AT_location
	.byte	145
	.byte	0
	.long	.Linfo_string30                 @ DW_AT_name
	.byte	1                               @ DW_AT_decl_file
	.byte	69                              @ DW_AT_decl_line
	.long	548                             @ DW_AT_type
	.byte	0                               @ End Of Children Mark
	.byte	2                               @ Abbrev [2] 0xac:0x2e DW_TAG_subprogram
	.long	.Lfunc_begin2                   @ DW_AT_low_pc
	.long	.Lfunc_end2-.Lfunc_begin2       @ DW_AT_high_pc
	.byte	1                               @ DW_AT_frame_base
	.byte	93
	.long	.Linfo_string5                  @ DW_AT_name
	.byte	1                               @ DW_AT_decl_file
	.byte	89                              @ DW_AT_decl_line
                                        @ DW_AT_prototyped
                                        @ DW_AT_external
	.byte	3                               @ Abbrev [3] 0xbd:0xe DW_TAG_formal_parameter
	.byte	2                               @ DW_AT_location
	.byte	145
	.byte	4
	.long	.Linfo_string8                  @ DW_AT_name
	.byte	1                               @ DW_AT_decl_file
	.byte	89                              @ DW_AT_decl_line
	.long	366                             @ DW_AT_type
	.byte	3                               @ Abbrev [3] 0xcb:0xe DW_TAG_formal_parameter
	.byte	2                               @ DW_AT_location
	.byte	145
	.byte	0
	.long	.Linfo_string29                 @ DW_AT_name
	.byte	1                               @ DW_AT_decl_file
	.byte	89                              @ DW_AT_decl_line
	.long	548                             @ DW_AT_type
	.byte	0                               @ End Of Children Mark
	.byte	2                               @ Abbrev [2] 0xda:0x4a DW_TAG_subprogram
	.long	.Lfunc_begin3                   @ DW_AT_low_pc
	.long	.Lfunc_end3-.Lfunc_begin3       @ DW_AT_high_pc
	.byte	1                               @ DW_AT_frame_base
	.byte	93
	.long	.Linfo_string6                  @ DW_AT_name
	.byte	1                               @ DW_AT_decl_file
	.byte	114                             @ DW_AT_decl_line
                                        @ DW_AT_prototyped
                                        @ DW_AT_external
	.byte	3                               @ Abbrev [3] 0xeb:0xe DW_TAG_formal_parameter
	.byte	2                               @ DW_AT_location
	.byte	145
	.byte	12
	.long	.Linfo_string8                  @ DW_AT_name
	.byte	1                               @ DW_AT_decl_file
	.byte	114                             @ DW_AT_decl_line
	.long	366                             @ DW_AT_type
	.byte	3                               @ Abbrev [3] 0xf9:0xe DW_TAG_formal_parameter
	.byte	2                               @ DW_AT_location
	.byte	145
	.byte	8
	.long	.Linfo_string26                 @ DW_AT_name
	.byte	1                               @ DW_AT_decl_file
	.byte	114                             @ DW_AT_decl_line
	.long	548                             @ DW_AT_type
	.byte	3                               @ Abbrev [3] 0x107:0xe DW_TAG_formal_parameter
	.byte	2                               @ DW_AT_location
	.byte	145
	.byte	4
	.long	.Linfo_string27                 @ DW_AT_name
	.byte	1                               @ DW_AT_decl_file
	.byte	114                             @ DW_AT_decl_line
	.long	548                             @ DW_AT_type
	.byte	4                               @ Abbrev [4] 0x115:0xe DW_TAG_variable
	.byte	2                               @ DW_AT_location
	.byte	145
	.byte	0
	.long	.Linfo_string28                 @ DW_AT_name
	.byte	1                               @ DW_AT_decl_file
	.byte	116                             @ DW_AT_decl_line
	.long	548                             @ DW_AT_type
	.byte	0                               @ End Of Children Mark
	.byte	2                               @ Abbrev [2] 0x124:0x4a DW_TAG_subprogram
	.long	.Lfunc_begin4                   @ DW_AT_low_pc
	.long	.Lfunc_end4-.Lfunc_begin4       @ DW_AT_high_pc
	.byte	1                               @ DW_AT_frame_base
	.byte	93
	.long	.Linfo_string7                  @ DW_AT_name
	.byte	1                               @ DW_AT_decl_file
	.byte	146                             @ DW_AT_decl_line
                                        @ DW_AT_prototyped
                                        @ DW_AT_external
	.byte	3                               @ Abbrev [3] 0x135:0xe DW_TAG_formal_parameter
	.byte	2                               @ DW_AT_location
	.byte	145
	.byte	12
	.long	.Linfo_string8                  @ DW_AT_name
	.byte	1                               @ DW_AT_decl_file
	.byte	146                             @ DW_AT_decl_line
	.long	366                             @ DW_AT_type
	.byte	3                               @ Abbrev [3] 0x143:0xe DW_TAG_formal_parameter
	.byte	2                               @ DW_AT_location
	.byte	145
	.byte	8
	.long	.Linfo_string26                 @ DW_AT_name
	.byte	1                               @ DW_AT_decl_file
	.byte	146                             @ DW_AT_decl_line
	.long	548                             @ DW_AT_type
	.byte	3                               @ Abbrev [3] 0x151:0xe DW_TAG_formal_parameter
	.byte	2                               @ DW_AT_location
	.byte	145
	.byte	4
	.long	.Linfo_string27                 @ DW_AT_name
	.byte	1                               @ DW_AT_decl_file
	.byte	146                             @ DW_AT_decl_line
	.long	548                             @ DW_AT_type
	.byte	4                               @ Abbrev [4] 0x15f:0xe DW_TAG_variable
	.byte	2                               @ DW_AT_location
	.byte	145
	.byte	0
	.long	.Linfo_string28                 @ DW_AT_name
	.byte	1                               @ DW_AT_decl_file
	.byte	148                             @ DW_AT_decl_line
	.long	548                             @ DW_AT_type
	.byte	0                               @ End Of Children Mark
	.byte	5                               @ Abbrev [5] 0x16e:0x5 DW_TAG_pointer_type
	.long	371                             @ DW_AT_type
	.byte	6                               @ Abbrev [6] 0x173:0xb DW_TAG_typedef
	.long	382                             @ DW_AT_type
	.long	.Linfo_string25                 @ DW_AT_name
	.byte	3                               @ DW_AT_decl_file
	.byte	223                             @ DW_AT_decl_line
	.byte	7                               @ Abbrev [7] 0x17e:0xa1 DW_TAG_structure_type
	.byte	52                              @ DW_AT_byte_size
	.byte	3                               @ DW_AT_decl_file
	.byte	27                              @ DW_AT_decl_line
	.byte	8                               @ Abbrev [8] 0x182:0xc DW_TAG_member
	.long	.Linfo_string9                  @ DW_AT_name
	.long	543                             @ DW_AT_type
	.byte	3                               @ DW_AT_decl_file
	.byte	208                             @ DW_AT_decl_line
	.byte	0                               @ DW_AT_data_member_location
	.byte	8                               @ Abbrev [8] 0x18e:0xc DW_TAG_member
	.long	.Linfo_string12                 @ DW_AT_name
	.long	543                             @ DW_AT_type
	.byte	3                               @ DW_AT_decl_file
	.byte	209                             @ DW_AT_decl_line
	.byte	4                               @ DW_AT_data_member_location
	.byte	8                               @ Abbrev [8] 0x19a:0xc DW_TAG_member
	.long	.Linfo_string13                 @ DW_AT_name
	.long	543                             @ DW_AT_type
	.byte	3                               @ DW_AT_decl_file
	.byte	210                             @ DW_AT_decl_line
	.byte	8                               @ DW_AT_data_member_location
	.byte	8                               @ Abbrev [8] 0x1a6:0xc DW_TAG_member
	.long	.Linfo_string14                 @ DW_AT_name
	.long	543                             @ DW_AT_type
	.byte	3                               @ DW_AT_decl_file
	.byte	211                             @ DW_AT_decl_line
	.byte	12                              @ DW_AT_data_member_location
	.byte	8                               @ Abbrev [8] 0x1b2:0xc DW_TAG_member
	.long	.Linfo_string15                 @ DW_AT_name
	.long	566                             @ DW_AT_type
	.byte	3                               @ DW_AT_decl_file
	.byte	212                             @ DW_AT_decl_line
	.byte	16                              @ DW_AT_data_member_location
	.byte	8                               @ Abbrev [8] 0x1be:0xc DW_TAG_member
	.long	.Linfo_string16                 @ DW_AT_name
	.long	543                             @ DW_AT_type
	.byte	3                               @ DW_AT_decl_file
	.byte	213                             @ DW_AT_decl_line
	.byte	20                              @ DW_AT_data_member_location
	.byte	8                               @ Abbrev [8] 0x1ca:0xc DW_TAG_member
	.long	.Linfo_string17                 @ DW_AT_name
	.long	543                             @ DW_AT_type
	.byte	3                               @ DW_AT_decl_file
	.byte	214                             @ DW_AT_decl_line
	.byte	24                              @ DW_AT_data_member_location
	.byte	8                               @ Abbrev [8] 0x1d6:0xc DW_TAG_member
	.long	.Linfo_string18                 @ DW_AT_name
	.long	543                             @ DW_AT_type
	.byte	3                               @ DW_AT_decl_file
	.byte	215                             @ DW_AT_decl_line
	.byte	28                              @ DW_AT_data_member_location
	.byte	8                               @ Abbrev [8] 0x1e2:0xc DW_TAG_member
	.long	.Linfo_string19                 @ DW_AT_name
	.long	543                             @ DW_AT_type
	.byte	3                               @ DW_AT_decl_file
	.byte	216                             @ DW_AT_decl_line
	.byte	32                              @ DW_AT_data_member_location
	.byte	8                               @ Abbrev [8] 0x1ee:0xc DW_TAG_member
	.long	.Linfo_string20                 @ DW_AT_name
	.long	543                             @ DW_AT_type
	.byte	3                               @ DW_AT_decl_file
	.byte	217                             @ DW_AT_decl_line
	.byte	36                              @ DW_AT_data_member_location
	.byte	8                               @ Abbrev [8] 0x1fa:0xc DW_TAG_member
	.long	.Linfo_string21                 @ DW_AT_name
	.long	543                             @ DW_AT_type
	.byte	3                               @ DW_AT_decl_file
	.byte	218                             @ DW_AT_decl_line
	.byte	40                              @ DW_AT_data_member_location
	.byte	8                               @ Abbrev [8] 0x206:0xc DW_TAG_member
	.long	.Linfo_string22                 @ DW_AT_name
	.long	571                             @ DW_AT_type
	.byte	3                               @ DW_AT_decl_file
	.byte	220                             @ DW_AT_decl_line
	.byte	44                              @ DW_AT_data_member_location
	.byte	8                               @ Abbrev [8] 0x212:0xc DW_TAG_member
	.long	.Linfo_string24                 @ DW_AT_name
	.long	543                             @ DW_AT_type
	.byte	3                               @ DW_AT_decl_file
	.byte	222                             @ DW_AT_decl_line
	.byte	48                              @ DW_AT_data_member_location
	.byte	0                               @ End Of Children Mark
	.byte	9                               @ Abbrev [9] 0x21f:0x5 DW_TAG_volatile_type
	.long	548                             @ DW_AT_type
	.byte	6                               @ Abbrev [6] 0x224:0xb DW_TAG_typedef
	.long	559                             @ DW_AT_type
	.long	.Linfo_string11                 @ DW_AT_name
	.byte	2                               @ DW_AT_decl_file
	.byte	64                              @ DW_AT_decl_line
	.byte	10                              @ Abbrev [10] 0x22f:0x7 DW_TAG_base_type
	.long	.Linfo_string10                 @ DW_AT_name
	.byte	7                               @ DW_AT_encoding
	.byte	4                               @ DW_AT_byte_size
	.byte	11                              @ Abbrev [11] 0x236:0x5 DW_TAG_const_type
	.long	543                             @ DW_AT_type
	.byte	12                              @ Abbrev [12] 0x23b:0xc DW_TAG_array_type
	.long	566                             @ DW_AT_type
	.byte	13                              @ Abbrev [13] 0x240:0x6 DW_TAG_subrange_type
	.long	583                             @ DW_AT_type
	.byte	1                               @ DW_AT_count
	.byte	0                               @ End Of Children Mark
	.byte	14                              @ Abbrev [14] 0x247:0x7 DW_TAG_base_type
	.long	.Linfo_string23                 @ DW_AT_name
	.byte	8                               @ DW_AT_byte_size
	.byte	7                               @ DW_AT_encoding
	.byte	0                               @ End Of Children Mark
.Ldebug_info_end0:
	.section	.debug_ranges,"",%progbits
.Ldebug_ranges0:
	.long	.Lfunc_begin0
	.long	.Lfunc_end0
	.long	.Lfunc_begin1
	.long	.Lfunc_end1
	.long	.Lfunc_begin2
	.long	.Lfunc_end2
	.long	.Lfunc_begin3
	.long	.Lfunc_end3
	.long	.Lfunc_begin4
	.long	.Lfunc_end4
	.long	0
	.long	0
	.section	.debug_str,"MS",%progbits,1
.Linfo_string0:
	.asciz	"Component: Arm Compiler for Embedded 6.18 Tool: armclang [5e4cca00]" @ string offset=0
.Linfo_string1:
	.asciz	"../../../../Library/StdDriver/src\\gpio.c" @ string offset=68
.Linfo_string2:
	.asciz	"E:\\BERSY\\sdk\\SampleCode\\NuCodeGen\\scale_v1\\KEIL" @ string offset=109
.Linfo_string3:
	.asciz	"GPIO_SetMode"                  @ string offset=157
.Linfo_string4:
	.asciz	"GPIO_EnableInt"                @ string offset=170
.Linfo_string5:
	.asciz	"GPIO_DisableInt"               @ string offset=185
.Linfo_string6:
	.asciz	"GPIO_SetSlewCtl"               @ string offset=201
.Linfo_string7:
	.asciz	"GPIO_SetPullCtl"               @ string offset=217
.Linfo_string8:
	.asciz	"port"                          @ string offset=233
.Linfo_string9:
	.asciz	"MODE"                          @ string offset=238
.Linfo_string10:
	.asciz	"unsigned int"                  @ string offset=243
.Linfo_string11:
	.asciz	"uint32_t"                      @ string offset=256
.Linfo_string12:
	.asciz	"DINOFF"                        @ string offset=265
.Linfo_string13:
	.asciz	"DOUT"                          @ string offset=272
.Linfo_string14:
	.asciz	"DATMSK"                        @ string offset=277
.Linfo_string15:
	.asciz	"PIN"                           @ string offset=284
.Linfo_string16:
	.asciz	"DBEN"                          @ string offset=288
.Linfo_string17:
	.asciz	"INTTYPE"                       @ string offset=293
.Linfo_string18:
	.asciz	"INTEN"                         @ string offset=301
.Linfo_string19:
	.asciz	"INTSRC"                        @ string offset=307
.Linfo_string20:
	.asciz	"SMTEN"                         @ string offset=314
.Linfo_string21:
	.asciz	"SLEWCTL"                       @ string offset=320
.Linfo_string22:
	.asciz	"RESERVE0"                      @ string offset=328
.Linfo_string23:
	.asciz	"__ARRAY_SIZE_TYPE__"           @ string offset=337
.Linfo_string24:
	.asciz	"PUSEL"                         @ string offset=357
.Linfo_string25:
	.asciz	"GPIO_T"                        @ string offset=363
.Linfo_string26:
	.asciz	"u32PinMask"                    @ string offset=370
.Linfo_string27:
	.asciz	"u32Mode"                       @ string offset=381
.Linfo_string28:
	.asciz	"i"                             @ string offset=389
.Linfo_string29:
	.asciz	"u32Pin"                        @ string offset=391
.Linfo_string30:
	.asciz	"u32IntAttribs"                 @ string offset=398
	.ident	"Component: Arm Compiler for Embedded 6.18 Tool: armclang [5e4cca00]"
	.section	".note.GNU-stack","",%progbits
	.eabi_attribute	30, 6	@ Tag_ABI_optimization_goals
	.ARM_attribute	16, 1	@ Tag_AV_eba
	.section	.debug_line,"",%progbits
.Lline_table_start0:
