	.text
	.syntax unified
	.eabi_attribute	67, "2.09"	@ Tag_conformance
	.cpu	cortex-m23
	.eabi_attribute	6, 16	@ Tag_CPU_arch
	.eabi_attribute	7, 77	@ Tag_CPU_arch_profile
	.eabi_attribute	8, 0	@ Tag_ARM_ISA_use
	.eabi_attribute	9, 3	@ Tag_THUMB_ISA_use
	.eabi_attribute	34, 0	@ Tag_CPU_unaligned_access
	.eabi_attribute	17, 1	@ Tag_ABI_PCS_GOT_use
	.eabi_attribute	20, 2	@ Tag_ABI_FP_denormal
	.eabi_attribute	21, 0	@ Tag_ABI_FP_exceptions
	.eabi_attribute	23, 1	@ Tag_ABI_FP_number_model
	.eabi_attribute	24, 1	@ Tag_ABI_align_needed
	.eabi_attribute	25, 1	@ Tag_ABI_align_preserved
	.eabi_attribute	38, 1	@ Tag_ABI_FP_16bit_format
	.eabi_attribute	18, 2	@ Tag_ABI_PCS_wchar_t
	.eabi_attribute	26, 1	@ Tag_ABI_enum_size
	.eabi_attribute	14, 0	@ Tag_ABI_PCS_R9_use
	.file	"main.c"
	.file	1 "C:\\Keil_v5\\ARM\\ARMCLANG\\Bin\\..\\include" "stdint.h"
	.file	2 "E:\\BERSY\\sdk\\SampleCode\\NuCodeGen\\scale_v1\\KEIL" "../../../../Library/Device/Nuvoton/M251/Include/sys_reg.h"
	.section	.text.System_Init,"ax",%progbits
	.hidden	System_Init                     @ -- Begin function System_Init
	.globl	System_Init
	.p2align	1
	.type	System_Init,%function
	.code	16                              @ @System_Init
	.thumb_func
System_Init:
.Lfunc_begin0:
	.file	3 "E:\\BERSY\\sdk\\SampleCode\\NuCodeGen\\scale_v1\\KEIL" "../main.c"
	.loc	3 25 0                          @ ../main.c:25:0
	.fnstart
	.cfi_sections .debug_frame
	.cfi_startproc
@ %bb.0:
	.save	{r7, lr}
	push	{r7, lr}
	.cfi_def_cfa_offset 8
	.cfi_offset lr, -4
	.cfi_offset r7, -8
.Ltmp0:
	.loc	3 27 5 prologue_end             @ ../main.c:27:5
	bl	SYS_UnlockReg
	.loc	3 29 5                          @ ../main.c:29:5
	bl	Clock_Init
	.loc	3 30 5                          @ ../main.c:30:5
	bl	Pin_Init
	.loc	3 31 5                          @ ../main.c:31:5
	bl	Periph_Init
	.loc	3 34 5                          @ ../main.c:34:5
	bl	SYS_LockReg
	.loc	3 35 1                          @ ../main.c:35:1
	pop	{r7, pc}
.Ltmp1:
.Lfunc_end0:
	.size	System_Init, .Lfunc_end0-System_Init
	.cfi_endproc
	.cantunwind
	.fnend
                                        @ -- End function
	.section	.text.SYS_UnlockReg,"ax",%progbits
	.p2align	2                               @ -- Begin function SYS_UnlockReg
	.type	SYS_UnlockReg,%function
	.code	16                              @ @SYS_UnlockReg
	.thumb_func
SYS_UnlockReg:
.Lfunc_begin1:
	.file	4 "E:\\BERSY\\sdk\\SampleCode\\NuCodeGen\\scale_v1\\KEIL" "../../../../Library/StdDriver/inc\\sys.h"
	.loc	4 1348 0                        @ ../../../../Library/StdDriver/inc\sys.h:1348:0
	.fnstart
	.cfi_startproc
@ %bb.0:
	.loc	4 1349 5 prologue_end           @ ../../../../Library/StdDriver/inc\sys.h:1349:5
	b	.LBB1_1
.LBB1_1:                                @ =>This Inner Loop Header: Depth=1
	.loc	4 0 5 is_stmt 0                 @ ../../../../Library/StdDriver/inc\sys.h:0:5
	ldr	r1, __arm_cp.1_0
	movs	r0, #89
.Ltmp2:
	.loc	4 1351 22 is_stmt 1             @ ../../../../Library/StdDriver/inc\sys.h:1351:22
	str	r0, [r1]
	movs	r0, #22
	.loc	4 1352 22                       @ ../../../../Library/StdDriver/inc\sys.h:1352:22
	str	r0, [r1]
	movs	r0, #136
	.loc	4 1353 22                       @ ../../../../Library/StdDriver/inc\sys.h:1353:22
	str	r0, [r1]
	.loc	4 1354 5                        @ ../../../../Library/StdDriver/inc\sys.h:1354:5
	b	.LBB1_2
.Ltmp3:
.LBB1_2:                                @   in Loop: Header=BB1_1 Depth=1
	.loc	4 0 5 is_stmt 0                 @ ../../../../Library/StdDriver/inc\sys.h:0:5
	ldr	r0, __arm_cp.1_0
	.loc	4 1354 19                       @ ../../../../Library/StdDriver/inc\sys.h:1354:19
	ldr	r0, [r0]
.Ltmp4:
	.loc	4 1354 5                        @ ../../../../Library/StdDriver/inc\sys.h:1354:5
	cmp	r0, #0
	beq	.LBB1_1
	b	.LBB1_3
.Ltmp5:
.LBB1_3:
	.loc	4 1355 1 is_stmt 1              @ ../../../../Library/StdDriver/inc\sys.h:1355:1
	bx	lr
.Ltmp6:
	.p2align	2
@ %bb.4:
	.loc	4 0 1 is_stmt 0                 @ ../../../../Library/StdDriver/inc\sys.h:0:1
__arm_cp.1_0:
	.long	1073742080                      @ 0x40000100
.Lcpi_end0:
	.size	__arm_cp.1_0, .Lcpi_end0-__arm_cp.1_0
.Lfunc_end1:
	.size	SYS_UnlockReg, .Lfunc_end1-SYS_UnlockReg
	.cfi_endproc
	.cantunwind
	.fnend
                                        @ -- End function
	.section	.text.SYS_LockReg,"ax",%progbits
	.p2align	2                               @ -- Begin function SYS_LockReg
	.type	SYS_LockReg,%function
	.code	16                              @ @SYS_LockReg
	.thumb_func
SYS_LockReg:
.Lfunc_begin2:
	.loc	4 1365 0 is_stmt 1              @ ../../../../Library/StdDriver/inc\sys.h:1365:0
	.fnstart
	.cfi_startproc
@ %bb.0:
	ldr	r1, __arm_cp.2_0
	movs	r0, #0
.Ltmp7:
	.loc	4 1366 18 prologue_end          @ ../../../../Library/StdDriver/inc\sys.h:1366:18
	str	r0, [r1]
	.loc	4 1367 1                        @ ../../../../Library/StdDriver/inc\sys.h:1367:1
	bx	lr
.Ltmp8:
	.p2align	2
@ %bb.1:
	.loc	4 0 1 is_stmt 0                 @ ../../../../Library/StdDriver/inc\sys.h:0:1
__arm_cp.2_0:
	.long	1073742080                      @ 0x40000100
.Lcpi_end1:
	.size	__arm_cp.2_0, .Lcpi_end1-__arm_cp.2_0
.Lfunc_end2:
	.size	SYS_LockReg, .Lfunc_end2-SYS_LockReg
	.cfi_endproc
	.cantunwind
	.fnend
                                        @ -- End function
	.section	.text.main,"ax",%progbits
	.hidden	main                            @ -- Begin function main
	.globl	main
	.p2align	2
	.type	main,%function
	.code	16                              @ @main
	.thumb_func
main:
.Lfunc_begin3:
	.loc	3 38 0 is_stmt 1                @ ../main.c:38:0
	.fnstart
	.cfi_startproc
@ %bb.0:
	.save	{r7, lr}
	push	{r7, lr}
	.cfi_def_cfa_offset 8
	.cfi_offset lr, -4
	.cfi_offset r7, -8
	.pad	#8
	sub	sp, #8
	.cfi_def_cfa_offset 16
	movs	r0, #0
	str	r0, [sp, #4]
.Ltmp9:
	.loc	3 40 5 prologue_end             @ ../main.c:40:5
	bl	System_Init
	.loc	3 42 5                          @ ../main.c:42:5
	ldr	r0, __arm_cp.3_0
	bl	printf
	.loc	3 43 31                         @ ../main.c:43:31
	ldr	r0, __arm_cp.3_1
	ldr	r0, [r0]
	ldr	r1, __arm_cp.3_2
	.loc	3 43 46 is_stmt 0               @ ../main.c:43:46
	udiv	r1, r0, r1
	.loc	3 43 3                          @ ../main.c:43:3
	ldr	r0, __arm_cp.3_3
	bl	printf
	.loc	3 44 3 is_stmt 1                @ ../main.c:44:3
	bl	APP_Init
	.loc	3 45 3                          @ ../main.c:45:3
	b	.LBB3_1
.LBB3_1:                                @ =>This Inner Loop Header: Depth=1
.Ltmp10:
	.loc	3 46 4                          @ ../main.c:46:4
	bl	APP_Handle
.Ltmp11:
	.loc	3 45 3                          @ ../main.c:45:3
	b	.LBB3_1
.Ltmp12:
	.p2align	2
@ %bb.2:
	.loc	3 0 3 is_stmt 0                 @ ../main.c:0:3
__arm_cp.3_0:
	.long	.L.str
.Lcpi_end2:
	.size	__arm_cp.3_0, .Lcpi_end2-__arm_cp.3_0
__arm_cp.3_1:
	.long	SystemCoreClock
.Lcpi_end3:
	.size	__arm_cp.3_1, .Lcpi_end3-__arm_cp.3_1
__arm_cp.3_2:
	.long	1000000                         @ 0xf4240
.Lcpi_end4:
	.size	__arm_cp.3_2, .Lcpi_end4-__arm_cp.3_2
__arm_cp.3_3:
	.long	.L.str.1
.Lcpi_end5:
	.size	__arm_cp.3_3, .Lcpi_end5-__arm_cp.3_3
.Lfunc_end3:
	.size	main, .Lfunc_end3-main
	.cfi_endproc
	.cantunwind
	.fnend
                                        @ -- End function
	.type	.L.str,%object                  @ @.str
	.section	.rodata.str1.1,"aMS",%progbits,1
.L.str:
	.asciz	"*** Init Done, User add operation code ***\n"
	.size	.L.str, 44

	.type	.L.str.1,%object                @ @.str.1
.L.str.1:
	.asciz	"\n\nCPU @ %uMHz\n"
	.size	.L.str.1, 15

	.type	__ARM_use_no_argv,%object       @ @__ARM_use_no_argv
	.section	.ARM.use_no_argv,"awR",%progbits,unique,1
	.globl	__ARM_use_no_argv
	.p2align	2
__ARM_use_no_argv:
	.long	1                               @ 0x1
	.size	__ARM_use_no_argv, 4

	.section	.debug_abbrev,"",%progbits
	.byte	1                               @ Abbreviation Code
	.byte	17                              @ DW_TAG_compile_unit
	.byte	1                               @ DW_CHILDREN_yes
	.byte	37                              @ DW_AT_producer
	.byte	14                              @ DW_FORM_strp
	.byte	19                              @ DW_AT_language
	.byte	5                               @ DW_FORM_data2
	.byte	3                               @ DW_AT_name
	.byte	14                              @ DW_FORM_strp
	.byte	16                              @ DW_AT_stmt_list
	.byte	23                              @ DW_FORM_sec_offset
	.byte	27                              @ DW_AT_comp_dir
	.byte	14                              @ DW_FORM_strp
	.byte	17                              @ DW_AT_low_pc
	.byte	1                               @ DW_FORM_addr
	.byte	85                              @ DW_AT_ranges
	.byte	23                              @ DW_FORM_sec_offset
	.byte	0                               @ EOM(1)
	.byte	0                               @ EOM(2)
	.byte	2                               @ Abbreviation Code
	.byte	15                              @ DW_TAG_pointer_type
	.byte	0                               @ DW_CHILDREN_no
	.byte	73                              @ DW_AT_type
	.byte	19                              @ DW_FORM_ref4
	.byte	0                               @ EOM(1)
	.byte	0                               @ EOM(2)
	.byte	3                               @ Abbreviation Code
	.byte	22                              @ DW_TAG_typedef
	.byte	0                               @ DW_CHILDREN_no
	.byte	73                              @ DW_AT_type
	.byte	19                              @ DW_FORM_ref4
	.byte	3                               @ DW_AT_name
	.byte	14                              @ DW_FORM_strp
	.byte	58                              @ DW_AT_decl_file
	.byte	11                              @ DW_FORM_data1
	.byte	59                              @ DW_AT_decl_line
	.byte	5                               @ DW_FORM_data2
	.byte	0                               @ EOM(1)
	.byte	0                               @ EOM(2)
	.byte	4                               @ Abbreviation Code
	.byte	19                              @ DW_TAG_structure_type
	.byte	1                               @ DW_CHILDREN_yes
	.byte	11                              @ DW_AT_byte_size
	.byte	5                               @ DW_FORM_data2
	.byte	58                              @ DW_AT_decl_file
	.byte	11                              @ DW_FORM_data1
	.byte	59                              @ DW_AT_decl_line
	.byte	11                              @ DW_FORM_data1
	.byte	0                               @ EOM(1)
	.byte	0                               @ EOM(2)
	.byte	5                               @ Abbreviation Code
	.byte	13                              @ DW_TAG_member
	.byte	0                               @ DW_CHILDREN_no
	.byte	3                               @ DW_AT_name
	.byte	14                              @ DW_FORM_strp
	.byte	73                              @ DW_AT_type
	.byte	19                              @ DW_FORM_ref4
	.byte	58                              @ DW_AT_decl_file
	.byte	11                              @ DW_FORM_data1
	.byte	59                              @ DW_AT_decl_line
	.byte	5                               @ DW_FORM_data2
	.byte	56                              @ DW_AT_data_member_location
	.byte	11                              @ DW_FORM_data1
	.byte	0                               @ EOM(1)
	.byte	0                               @ EOM(2)
	.byte	6                               @ Abbreviation Code
	.byte	13                              @ DW_TAG_member
	.byte	0                               @ DW_CHILDREN_no
	.byte	3                               @ DW_AT_name
	.byte	14                              @ DW_FORM_strp
	.byte	73                              @ DW_AT_type
	.byte	19                              @ DW_FORM_ref4
	.byte	58                              @ DW_AT_decl_file
	.byte	11                              @ DW_FORM_data1
	.byte	59                              @ DW_AT_decl_line
	.byte	5                               @ DW_FORM_data2
	.byte	56                              @ DW_AT_data_member_location
	.byte	5                               @ DW_FORM_data2
	.byte	0                               @ EOM(1)
	.byte	0                               @ EOM(2)
	.byte	7                               @ Abbreviation Code
	.byte	38                              @ DW_TAG_const_type
	.byte	0                               @ DW_CHILDREN_no
	.byte	73                              @ DW_AT_type
	.byte	19                              @ DW_FORM_ref4
	.byte	0                               @ EOM(1)
	.byte	0                               @ EOM(2)
	.byte	8                               @ Abbreviation Code
	.byte	53                              @ DW_TAG_volatile_type
	.byte	0                               @ DW_CHILDREN_no
	.byte	73                              @ DW_AT_type
	.byte	19                              @ DW_FORM_ref4
	.byte	0                               @ EOM(1)
	.byte	0                               @ EOM(2)
	.byte	9                               @ Abbreviation Code
	.byte	22                              @ DW_TAG_typedef
	.byte	0                               @ DW_CHILDREN_no
	.byte	73                              @ DW_AT_type
	.byte	19                              @ DW_FORM_ref4
	.byte	3                               @ DW_AT_name
	.byte	14                              @ DW_FORM_strp
	.byte	58                              @ DW_AT_decl_file
	.byte	11                              @ DW_FORM_data1
	.byte	59                              @ DW_AT_decl_line
	.byte	11                              @ DW_FORM_data1
	.byte	0                               @ EOM(1)
	.byte	0                               @ EOM(2)
	.byte	10                              @ Abbreviation Code
	.byte	36                              @ DW_TAG_base_type
	.byte	0                               @ DW_CHILDREN_no
	.byte	3                               @ DW_AT_name
	.byte	14                              @ DW_FORM_strp
	.byte	62                              @ DW_AT_encoding
	.byte	11                              @ DW_FORM_data1
	.byte	11                              @ DW_AT_byte_size
	.byte	11                              @ DW_FORM_data1
	.byte	0                               @ EOM(1)
	.byte	0                               @ EOM(2)
	.byte	11                              @ Abbreviation Code
	.byte	1                               @ DW_TAG_array_type
	.byte	1                               @ DW_CHILDREN_yes
	.byte	73                              @ DW_AT_type
	.byte	19                              @ DW_FORM_ref4
	.byte	0                               @ EOM(1)
	.byte	0                               @ EOM(2)
	.byte	12                              @ Abbreviation Code
	.byte	33                              @ DW_TAG_subrange_type
	.byte	0                               @ DW_CHILDREN_no
	.byte	73                              @ DW_AT_type
	.byte	19                              @ DW_FORM_ref4
	.byte	55                              @ DW_AT_count
	.byte	11                              @ DW_FORM_data1
	.byte	0                               @ EOM(1)
	.byte	0                               @ EOM(2)
	.byte	13                              @ Abbreviation Code
	.byte	36                              @ DW_TAG_base_type
	.byte	0                               @ DW_CHILDREN_no
	.byte	3                               @ DW_AT_name
	.byte	14                              @ DW_FORM_strp
	.byte	11                              @ DW_AT_byte_size
	.byte	11                              @ DW_FORM_data1
	.byte	62                              @ DW_AT_encoding
	.byte	11                              @ DW_FORM_data1
	.byte	0                               @ EOM(1)
	.byte	0                               @ EOM(2)
	.byte	14                              @ Abbreviation Code
	.byte	46                              @ DW_TAG_subprogram
	.byte	0                               @ DW_CHILDREN_no
	.byte	17                              @ DW_AT_low_pc
	.byte	1                               @ DW_FORM_addr
	.byte	18                              @ DW_AT_high_pc
	.byte	6                               @ DW_FORM_data4
	.byte	64                              @ DW_AT_frame_base
	.byte	24                              @ DW_FORM_exprloc
	.byte	3                               @ DW_AT_name
	.byte	14                              @ DW_FORM_strp
	.byte	58                              @ DW_AT_decl_file
	.byte	11                              @ DW_FORM_data1
	.byte	59                              @ DW_AT_decl_line
	.byte	11                              @ DW_FORM_data1
	.byte	39                              @ DW_AT_prototyped
	.byte	25                              @ DW_FORM_flag_present
	.byte	63                              @ DW_AT_external
	.byte	25                              @ DW_FORM_flag_present
	.byte	0                               @ EOM(1)
	.byte	0                               @ EOM(2)
	.byte	15                              @ Abbreviation Code
	.byte	46                              @ DW_TAG_subprogram
	.byte	0                               @ DW_CHILDREN_no
	.byte	17                              @ DW_AT_low_pc
	.byte	1                               @ DW_FORM_addr
	.byte	18                              @ DW_AT_high_pc
	.byte	6                               @ DW_FORM_data4
	.byte	64                              @ DW_AT_frame_base
	.byte	24                              @ DW_FORM_exprloc
	.byte	3                               @ DW_AT_name
	.byte	14                              @ DW_FORM_strp
	.byte	58                              @ DW_AT_decl_file
	.byte	11                              @ DW_FORM_data1
	.byte	59                              @ DW_AT_decl_line
	.byte	5                               @ DW_FORM_data2
	.byte	39                              @ DW_AT_prototyped
	.byte	25                              @ DW_FORM_flag_present
	.byte	0                               @ EOM(1)
	.byte	0                               @ EOM(2)
	.byte	16                              @ Abbreviation Code
	.byte	46                              @ DW_TAG_subprogram
	.byte	0                               @ DW_CHILDREN_no
	.byte	17                              @ DW_AT_low_pc
	.byte	1                               @ DW_FORM_addr
	.byte	18                              @ DW_AT_high_pc
	.byte	6                               @ DW_FORM_data4
	.byte	64                              @ DW_AT_frame_base
	.byte	24                              @ DW_FORM_exprloc
	.byte	3                               @ DW_AT_name
	.byte	14                              @ DW_FORM_strp
	.byte	58                              @ DW_AT_decl_file
	.byte	11                              @ DW_FORM_data1
	.byte	59                              @ DW_AT_decl_line
	.byte	11                              @ DW_FORM_data1
	.byte	39                              @ DW_AT_prototyped
	.byte	25                              @ DW_FORM_flag_present
	.byte	73                              @ DW_AT_type
	.byte	19                              @ DW_FORM_ref4
	.byte	63                              @ DW_AT_external
	.byte	25                              @ DW_FORM_flag_present
	.byte	0                               @ EOM(1)
	.byte	0                               @ EOM(2)
	.byte	0                               @ EOM(3)
	.section	.debug_info,"",%progbits
.Lcu_begin0:
	.long	.Ldebug_info_end0-.Ldebug_info_start0 @ Length of Unit
.Ldebug_info_start0:
	.short	4                               @ DWARF version number
	.long	.debug_abbrev                   @ Offset Into Abbrev. Section
	.byte	4                               @ Address Size (in bytes)
	.byte	1                               @ Abbrev [1] 0xb:0x3cf DW_TAG_compile_unit
	.long	.Linfo_string0                  @ DW_AT_producer
	.short	12                              @ DW_AT_language
	.long	.Linfo_string1                  @ DW_AT_name
	.long	.Lline_table_start0             @ DW_AT_stmt_list
	.long	.Linfo_string2                  @ DW_AT_comp_dir
	.long	0                               @ DW_AT_low_pc
	.long	.Ldebug_ranges0                 @ DW_AT_ranges
	.byte	2                               @ Abbrev [2] 0x26:0x5 DW_TAG_pointer_type
	.long	43                              @ DW_AT_type
	.byte	3                               @ Abbrev [3] 0x2b:0xc DW_TAG_typedef
	.long	55                              @ DW_AT_type
	.long	.Linfo_string59                 @ DW_AT_name
	.byte	2                               @ DW_AT_decl_file
	.short	1543                            @ DW_AT_decl_line
	.byte	4                               @ Abbrev [4] 0x37:0x2c3 DW_TAG_structure_type
	.short	512                             @ DW_AT_byte_size
	.byte	2                               @ DW_AT_decl_file
	.byte	27                              @ DW_AT_decl_line
	.byte	5                               @ Abbrev [5] 0x3c:0xd DW_TAG_member
	.long	.Linfo_string3                  @ DW_AT_name
	.long	762                             @ DW_AT_type
	.byte	2                               @ DW_AT_decl_file
	.short	1468                            @ DW_AT_decl_line
	.byte	0                               @ DW_AT_data_member_location
	.byte	5                               @ Abbrev [5] 0x49:0xd DW_TAG_member
	.long	.Linfo_string6                  @ DW_AT_name
	.long	767                             @ DW_AT_type
	.byte	2                               @ DW_AT_decl_file
	.short	1469                            @ DW_AT_decl_line
	.byte	4                               @ DW_AT_data_member_location
	.byte	5                               @ Abbrev [5] 0x56:0xd DW_TAG_member
	.long	.Linfo_string7                  @ DW_AT_name
	.long	767                             @ DW_AT_type
	.byte	2                               @ DW_AT_decl_file
	.short	1470                            @ DW_AT_decl_line
	.byte	8                               @ DW_AT_data_member_location
	.byte	5                               @ Abbrev [5] 0x63:0xd DW_TAG_member
	.long	.Linfo_string8                  @ DW_AT_name
	.long	767                             @ DW_AT_type
	.byte	2                               @ DW_AT_decl_file
	.short	1471                            @ DW_AT_decl_line
	.byte	12                              @ DW_AT_data_member_location
	.byte	5                               @ Abbrev [5] 0x70:0xd DW_TAG_member
	.long	.Linfo_string9                  @ DW_AT_name
	.long	767                             @ DW_AT_type
	.byte	2                               @ DW_AT_decl_file
	.short	1472                            @ DW_AT_decl_line
	.byte	16                              @ DW_AT_data_member_location
	.byte	5                               @ Abbrev [5] 0x7d:0xd DW_TAG_member
	.long	.Linfo_string10                 @ DW_AT_name
	.long	790                             @ DW_AT_type
	.byte	2                               @ DW_AT_decl_file
	.short	1474                            @ DW_AT_decl_line
	.byte	20                              @ DW_AT_data_member_location
	.byte	5                               @ Abbrev [5] 0x8a:0xd DW_TAG_member
	.long	.Linfo_string12                 @ DW_AT_name
	.long	767                             @ DW_AT_type
	.byte	2                               @ DW_AT_decl_file
	.short	1476                            @ DW_AT_decl_line
	.byte	24                              @ DW_AT_data_member_location
	.byte	5                               @ Abbrev [5] 0x97:0xd DW_TAG_member
	.long	.Linfo_string13                 @ DW_AT_name
	.long	767                             @ DW_AT_type
	.byte	2                               @ DW_AT_decl_file
	.short	1477                            @ DW_AT_decl_line
	.byte	28                              @ DW_AT_data_member_location
	.byte	5                               @ Abbrev [5] 0xa4:0xd DW_TAG_member
	.long	.Linfo_string14                 @ DW_AT_name
	.long	790                             @ DW_AT_type
	.byte	2                               @ DW_AT_decl_file
	.short	1479                            @ DW_AT_decl_line
	.byte	32                              @ DW_AT_data_member_location
	.byte	5                               @ Abbrev [5] 0xb1:0xd DW_TAG_member
	.long	.Linfo_string15                 @ DW_AT_name
	.long	767                             @ DW_AT_type
	.byte	2                               @ DW_AT_decl_file
	.short	1481                            @ DW_AT_decl_line
	.byte	36                              @ DW_AT_data_member_location
	.byte	5                               @ Abbrev [5] 0xbe:0xd DW_TAG_member
	.long	.Linfo_string16                 @ DW_AT_name
	.long	767                             @ DW_AT_type
	.byte	2                               @ DW_AT_decl_file
	.short	1482                            @ DW_AT_decl_line
	.byte	40                              @ DW_AT_data_member_location
	.byte	5                               @ Abbrev [5] 0xcb:0xd DW_TAG_member
	.long	.Linfo_string17                 @ DW_AT_name
	.long	790                             @ DW_AT_type
	.byte	2                               @ DW_AT_decl_file
	.short	1484                            @ DW_AT_decl_line
	.byte	44                              @ DW_AT_data_member_location
	.byte	5                               @ Abbrev [5] 0xd8:0xd DW_TAG_member
	.long	.Linfo_string18                 @ DW_AT_name
	.long	767                             @ DW_AT_type
	.byte	2                               @ DW_AT_decl_file
	.short	1486                            @ DW_AT_decl_line
	.byte	48                              @ DW_AT_data_member_location
	.byte	5                               @ Abbrev [5] 0xe5:0xd DW_TAG_member
	.long	.Linfo_string19                 @ DW_AT_name
	.long	767                             @ DW_AT_type
	.byte	2                               @ DW_AT_decl_file
	.short	1487                            @ DW_AT_decl_line
	.byte	52                              @ DW_AT_data_member_location
	.byte	5                               @ Abbrev [5] 0xf2:0xd DW_TAG_member
	.long	.Linfo_string20                 @ DW_AT_name
	.long	767                             @ DW_AT_type
	.byte	2                               @ DW_AT_decl_file
	.short	1488                            @ DW_AT_decl_line
	.byte	56                              @ DW_AT_data_member_location
	.byte	5                               @ Abbrev [5] 0xff:0xd DW_TAG_member
	.long	.Linfo_string21                 @ DW_AT_name
	.long	767                             @ DW_AT_type
	.byte	2                               @ DW_AT_decl_file
	.short	1489                            @ DW_AT_decl_line
	.byte	60                              @ DW_AT_data_member_location
	.byte	5                               @ Abbrev [5] 0x10c:0xd DW_TAG_member
	.long	.Linfo_string22                 @ DW_AT_name
	.long	767                             @ DW_AT_type
	.byte	2                               @ DW_AT_decl_file
	.short	1490                            @ DW_AT_decl_line
	.byte	64                              @ DW_AT_data_member_location
	.byte	5                               @ Abbrev [5] 0x119:0xd DW_TAG_member
	.long	.Linfo_string23                 @ DW_AT_name
	.long	767                             @ DW_AT_type
	.byte	2                               @ DW_AT_decl_file
	.short	1491                            @ DW_AT_decl_line
	.byte	68                              @ DW_AT_data_member_location
	.byte	5                               @ Abbrev [5] 0x126:0xd DW_TAG_member
	.long	.Linfo_string24                 @ DW_AT_name
	.long	767                             @ DW_AT_type
	.byte	2                               @ DW_AT_decl_file
	.short	1492                            @ DW_AT_decl_line
	.byte	72                              @ DW_AT_data_member_location
	.byte	5                               @ Abbrev [5] 0x133:0xd DW_TAG_member
	.long	.Linfo_string25                 @ DW_AT_name
	.long	767                             @ DW_AT_type
	.byte	2                               @ DW_AT_decl_file
	.short	1493                            @ DW_AT_decl_line
	.byte	76                              @ DW_AT_data_member_location
	.byte	5                               @ Abbrev [5] 0x140:0xd DW_TAG_member
	.long	.Linfo_string26                 @ DW_AT_name
	.long	767                             @ DW_AT_type
	.byte	2                               @ DW_AT_decl_file
	.short	1494                            @ DW_AT_decl_line
	.byte	80                              @ DW_AT_data_member_location
	.byte	5                               @ Abbrev [5] 0x14d:0xd DW_TAG_member
	.long	.Linfo_string27                 @ DW_AT_name
	.long	767                             @ DW_AT_type
	.byte	2                               @ DW_AT_decl_file
	.short	1495                            @ DW_AT_decl_line
	.byte	84                              @ DW_AT_data_member_location
	.byte	5                               @ Abbrev [5] 0x15a:0xd DW_TAG_member
	.long	.Linfo_string28                 @ DW_AT_name
	.long	767                             @ DW_AT_type
	.byte	2                               @ DW_AT_decl_file
	.short	1496                            @ DW_AT_decl_line
	.byte	88                              @ DW_AT_data_member_location
	.byte	5                               @ Abbrev [5] 0x167:0xd DW_TAG_member
	.long	.Linfo_string29                 @ DW_AT_name
	.long	767                             @ DW_AT_type
	.byte	2                               @ DW_AT_decl_file
	.short	1497                            @ DW_AT_decl_line
	.byte	92                              @ DW_AT_data_member_location
	.byte	5                               @ Abbrev [5] 0x174:0xd DW_TAG_member
	.long	.Linfo_string30                 @ DW_AT_name
	.long	809                             @ DW_AT_type
	.byte	2                               @ DW_AT_decl_file
	.short	1499                            @ DW_AT_decl_line
	.byte	96                              @ DW_AT_data_member_location
	.byte	5                               @ Abbrev [5] 0x181:0xd DW_TAG_member
	.long	.Linfo_string31                 @ DW_AT_name
	.long	767                             @ DW_AT_type
	.byte	2                               @ DW_AT_decl_file
	.short	1501                            @ DW_AT_decl_line
	.byte	128                             @ DW_AT_data_member_location
	.byte	5                               @ Abbrev [5] 0x18e:0xd DW_TAG_member
	.long	.Linfo_string32                 @ DW_AT_name
	.long	767                             @ DW_AT_type
	.byte	2                               @ DW_AT_decl_file
	.short	1502                            @ DW_AT_decl_line
	.byte	132                             @ DW_AT_data_member_location
	.byte	5                               @ Abbrev [5] 0x19b:0xd DW_TAG_member
	.long	.Linfo_string33                 @ DW_AT_name
	.long	767                             @ DW_AT_type
	.byte	2                               @ DW_AT_decl_file
	.short	1503                            @ DW_AT_decl_line
	.byte	136                             @ DW_AT_data_member_location
	.byte	5                               @ Abbrev [5] 0x1a8:0xd DW_TAG_member
	.long	.Linfo_string34                 @ DW_AT_name
	.long	767                             @ DW_AT_type
	.byte	2                               @ DW_AT_decl_file
	.short	1504                            @ DW_AT_decl_line
	.byte	140                             @ DW_AT_data_member_location
	.byte	5                               @ Abbrev [5] 0x1b5:0xd DW_TAG_member
	.long	.Linfo_string35                 @ DW_AT_name
	.long	767                             @ DW_AT_type
	.byte	2                               @ DW_AT_decl_file
	.short	1505                            @ DW_AT_decl_line
	.byte	144                             @ DW_AT_data_member_location
	.byte	5                               @ Abbrev [5] 0x1c2:0xd DW_TAG_member
	.long	.Linfo_string36                 @ DW_AT_name
	.long	767                             @ DW_AT_type
	.byte	2                               @ DW_AT_decl_file
	.short	1506                            @ DW_AT_decl_line
	.byte	148                             @ DW_AT_data_member_location
	.byte	5                               @ Abbrev [5] 0x1cf:0xd DW_TAG_member
	.long	.Linfo_string37                 @ DW_AT_name
	.long	821                             @ DW_AT_type
	.byte	2                               @ DW_AT_decl_file
	.short	1508                            @ DW_AT_decl_line
	.byte	152                             @ DW_AT_data_member_location
	.byte	5                               @ Abbrev [5] 0x1dc:0xd DW_TAG_member
	.long	.Linfo_string38                 @ DW_AT_name
	.long	767                             @ DW_AT_type
	.byte	2                               @ DW_AT_decl_file
	.short	1510                            @ DW_AT_decl_line
	.byte	192                             @ DW_AT_data_member_location
	.byte	5                               @ Abbrev [5] 0x1e9:0xd DW_TAG_member
	.long	.Linfo_string39                 @ DW_AT_name
	.long	833                             @ DW_AT_type
	.byte	2                               @ DW_AT_decl_file
	.short	1512                            @ DW_AT_decl_line
	.byte	196                             @ DW_AT_data_member_location
	.byte	5                               @ Abbrev [5] 0x1f6:0xd DW_TAG_member
	.long	.Linfo_string40                 @ DW_AT_name
	.long	767                             @ DW_AT_type
	.byte	2                               @ DW_AT_decl_file
	.short	1514                            @ DW_AT_decl_line
	.byte	208                             @ DW_AT_data_member_location
	.byte	5                               @ Abbrev [5] 0x203:0xd DW_TAG_member
	.long	.Linfo_string41                 @ DW_AT_name
	.long	762                             @ DW_AT_type
	.byte	2                               @ DW_AT_decl_file
	.short	1515                            @ DW_AT_decl_line
	.byte	212                             @ DW_AT_data_member_location
	.byte	5                               @ Abbrev [5] 0x210:0xd DW_TAG_member
	.long	.Linfo_string42                 @ DW_AT_name
	.long	845                             @ DW_AT_type
	.byte	2                               @ DW_AT_decl_file
	.short	1517                            @ DW_AT_decl_line
	.byte	216                             @ DW_AT_data_member_location
	.byte	5                               @ Abbrev [5] 0x21d:0xd DW_TAG_member
	.long	.Linfo_string43                 @ DW_AT_name
	.long	767                             @ DW_AT_type
	.byte	2                               @ DW_AT_decl_file
	.short	1519                            @ DW_AT_decl_line
	.byte	240                             @ DW_AT_data_member_location
	.byte	5                               @ Abbrev [5] 0x22a:0xd DW_TAG_member
	.long	.Linfo_string44                 @ DW_AT_name
	.long	767                             @ DW_AT_type
	.byte	2                               @ DW_AT_decl_file
	.short	1520                            @ DW_AT_decl_line
	.byte	244                             @ DW_AT_data_member_location
	.byte	5                               @ Abbrev [5] 0x237:0xd DW_TAG_member
	.long	.Linfo_string45                 @ DW_AT_name
	.long	767                             @ DW_AT_type
	.byte	2                               @ DW_AT_decl_file
	.short	1521                            @ DW_AT_decl_line
	.byte	248                             @ DW_AT_data_member_location
	.byte	5                               @ Abbrev [5] 0x244:0xd DW_TAG_member
	.long	.Linfo_string46                 @ DW_AT_name
	.long	790                             @ DW_AT_type
	.byte	2                               @ DW_AT_decl_file
	.short	1523                            @ DW_AT_decl_line
	.byte	252                             @ DW_AT_data_member_location
	.byte	6                               @ Abbrev [6] 0x251:0xe DW_TAG_member
	.long	.Linfo_string47                 @ DW_AT_name
	.long	767                             @ DW_AT_type
	.byte	2                               @ DW_AT_decl_file
	.short	1525                            @ DW_AT_decl_line
	.short	256                             @ DW_AT_data_member_location
	.byte	6                               @ Abbrev [6] 0x25f:0xe DW_TAG_member
	.long	.Linfo_string48                 @ DW_AT_name
	.long	767                             @ DW_AT_type
	.byte	2                               @ DW_AT_decl_file
	.short	1526                            @ DW_AT_decl_line
	.short	260                             @ DW_AT_data_member_location
	.byte	6                               @ Abbrev [6] 0x26d:0xe DW_TAG_member
	.long	.Linfo_string49                 @ DW_AT_name
	.long	767                             @ DW_AT_type
	.byte	2                               @ DW_AT_decl_file
	.short	1527                            @ DW_AT_decl_line
	.short	264                             @ DW_AT_data_member_location
	.byte	6                               @ Abbrev [6] 0x27b:0xe DW_TAG_member
	.long	.Linfo_string50                 @ DW_AT_name
	.long	767                             @ DW_AT_type
	.byte	2                               @ DW_AT_decl_file
	.short	1528                            @ DW_AT_decl_line
	.short	268                             @ DW_AT_data_member_location
	.byte	6                               @ Abbrev [6] 0x289:0xe DW_TAG_member
	.long	.Linfo_string51                 @ DW_AT_name
	.long	857                             @ DW_AT_type
	.byte	2                               @ DW_AT_decl_file
	.short	1530                            @ DW_AT_decl_line
	.short	272                             @ DW_AT_data_member_location
	.byte	6                               @ Abbrev [6] 0x297:0xe DW_TAG_member
	.long	.Linfo_string52                 @ DW_AT_name
	.long	767                             @ DW_AT_type
	.byte	2                               @ DW_AT_decl_file
	.short	1532                            @ DW_AT_decl_line
	.short	324                             @ DW_AT_data_member_location
	.byte	6                               @ Abbrev [6] 0x2a5:0xe DW_TAG_member
	.long	.Linfo_string53                 @ DW_AT_name
	.long	767                             @ DW_AT_type
	.byte	2                               @ DW_AT_decl_file
	.short	1533                            @ DW_AT_decl_line
	.short	328                             @ DW_AT_data_member_location
	.byte	6                               @ Abbrev [6] 0x2b3:0xe DW_TAG_member
	.long	.Linfo_string54                 @ DW_AT_name
	.long	869                             @ DW_AT_type
	.byte	2                               @ DW_AT_decl_file
	.short	1535                            @ DW_AT_decl_line
	.short	332                             @ DW_AT_data_member_location
	.byte	6                               @ Abbrev [6] 0x2c1:0xe DW_TAG_member
	.long	.Linfo_string55                 @ DW_AT_name
	.long	767                             @ DW_AT_type
	.byte	2                               @ DW_AT_decl_file
	.short	1537                            @ DW_AT_decl_line
	.short	492                             @ DW_AT_data_member_location
	.byte	6                               @ Abbrev [6] 0x2cf:0xe DW_TAG_member
	.long	.Linfo_string56                 @ DW_AT_name
	.long	881                             @ DW_AT_type
	.byte	2                               @ DW_AT_decl_file
	.short	1539                            @ DW_AT_decl_line
	.short	496                             @ DW_AT_data_member_location
	.byte	6                               @ Abbrev [6] 0x2dd:0xe DW_TAG_member
	.long	.Linfo_string57                 @ DW_AT_name
	.long	767                             @ DW_AT_type
	.byte	2                               @ DW_AT_decl_file
	.short	1541                            @ DW_AT_decl_line
	.short	504                             @ DW_AT_data_member_location
	.byte	6                               @ Abbrev [6] 0x2eb:0xe DW_TAG_member
	.long	.Linfo_string58                 @ DW_AT_name
	.long	762                             @ DW_AT_type
	.byte	2                               @ DW_AT_decl_file
	.short	1542                            @ DW_AT_decl_line
	.short	508                             @ DW_AT_data_member_location
	.byte	0                               @ End Of Children Mark
	.byte	7                               @ Abbrev [7] 0x2fa:0x5 DW_TAG_const_type
	.long	767                             @ DW_AT_type
	.byte	8                               @ Abbrev [8] 0x2ff:0x5 DW_TAG_volatile_type
	.long	772                             @ DW_AT_type
	.byte	9                               @ Abbrev [9] 0x304:0xb DW_TAG_typedef
	.long	783                             @ DW_AT_type
	.long	.Linfo_string5                  @ DW_AT_name
	.byte	1                               @ DW_AT_decl_file
	.byte	64                              @ DW_AT_decl_line
	.byte	10                              @ Abbrev [10] 0x30f:0x7 DW_TAG_base_type
	.long	.Linfo_string4                  @ DW_AT_name
	.byte	7                               @ DW_AT_encoding
	.byte	4                               @ DW_AT_byte_size
	.byte	11                              @ Abbrev [11] 0x316:0xc DW_TAG_array_type
	.long	762                             @ DW_AT_type
	.byte	12                              @ Abbrev [12] 0x31b:0x6 DW_TAG_subrange_type
	.long	802                             @ DW_AT_type
	.byte	1                               @ DW_AT_count
	.byte	0                               @ End Of Children Mark
	.byte	13                              @ Abbrev [13] 0x322:0x7 DW_TAG_base_type
	.long	.Linfo_string11                 @ DW_AT_name
	.byte	8                               @ DW_AT_byte_size
	.byte	7                               @ DW_AT_encoding
	.byte	11                              @ Abbrev [11] 0x329:0xc DW_TAG_array_type
	.long	762                             @ DW_AT_type
	.byte	12                              @ Abbrev [12] 0x32e:0x6 DW_TAG_subrange_type
	.long	802                             @ DW_AT_type
	.byte	8                               @ DW_AT_count
	.byte	0                               @ End Of Children Mark
	.byte	11                              @ Abbrev [11] 0x335:0xc DW_TAG_array_type
	.long	762                             @ DW_AT_type
	.byte	12                              @ Abbrev [12] 0x33a:0x6 DW_TAG_subrange_type
	.long	802                             @ DW_AT_type
	.byte	10                              @ DW_AT_count
	.byte	0                               @ End Of Children Mark
	.byte	11                              @ Abbrev [11] 0x341:0xc DW_TAG_array_type
	.long	762                             @ DW_AT_type
	.byte	12                              @ Abbrev [12] 0x346:0x6 DW_TAG_subrange_type
	.long	802                             @ DW_AT_type
	.byte	3                               @ DW_AT_count
	.byte	0                               @ End Of Children Mark
	.byte	11                              @ Abbrev [11] 0x34d:0xc DW_TAG_array_type
	.long	762                             @ DW_AT_type
	.byte	12                              @ Abbrev [12] 0x352:0x6 DW_TAG_subrange_type
	.long	802                             @ DW_AT_type
	.byte	6                               @ DW_AT_count
	.byte	0                               @ End Of Children Mark
	.byte	11                              @ Abbrev [11] 0x359:0xc DW_TAG_array_type
	.long	762                             @ DW_AT_type
	.byte	12                              @ Abbrev [12] 0x35e:0x6 DW_TAG_subrange_type
	.long	802                             @ DW_AT_type
	.byte	13                              @ DW_AT_count
	.byte	0                               @ End Of Children Mark
	.byte	11                              @ Abbrev [11] 0x365:0xc DW_TAG_array_type
	.long	762                             @ DW_AT_type
	.byte	12                              @ Abbrev [12] 0x36a:0x6 DW_TAG_subrange_type
	.long	802                             @ DW_AT_type
	.byte	40                              @ DW_AT_count
	.byte	0                               @ End Of Children Mark
	.byte	11                              @ Abbrev [11] 0x371:0xc DW_TAG_array_type
	.long	762                             @ DW_AT_type
	.byte	12                              @ Abbrev [12] 0x376:0x6 DW_TAG_subrange_type
	.long	802                             @ DW_AT_type
	.byte	2                               @ DW_AT_count
	.byte	0                               @ End Of Children Mark
	.byte	14                              @ Abbrev [14] 0x37d:0x11 DW_TAG_subprogram
	.long	.Lfunc_begin0                   @ DW_AT_low_pc
	.long	.Lfunc_end0-.Lfunc_begin0       @ DW_AT_high_pc
	.byte	1                               @ DW_AT_frame_base
	.byte	93
	.long	.Linfo_string60                 @ DW_AT_name
	.byte	3                               @ DW_AT_decl_file
	.byte	24                              @ DW_AT_decl_line
                                        @ DW_AT_prototyped
                                        @ DW_AT_external
	.byte	15                              @ Abbrev [15] 0x38e:0x12 DW_TAG_subprogram
	.long	.Lfunc_begin1                   @ DW_AT_low_pc
	.long	.Lfunc_end1-.Lfunc_begin1       @ DW_AT_high_pc
	.byte	1                               @ DW_AT_frame_base
	.byte	93
	.long	.Linfo_string61                 @ DW_AT_name
	.byte	4                               @ DW_AT_decl_file
	.short	1347                            @ DW_AT_decl_line
                                        @ DW_AT_prototyped
	.byte	15                              @ Abbrev [15] 0x3a0:0x12 DW_TAG_subprogram
	.long	.Lfunc_begin2                   @ DW_AT_low_pc
	.long	.Lfunc_end2-.Lfunc_begin2       @ DW_AT_high_pc
	.byte	1                               @ DW_AT_frame_base
	.byte	93
	.long	.Linfo_string62                 @ DW_AT_name
	.byte	4                               @ DW_AT_decl_file
	.short	1364                            @ DW_AT_decl_line
                                        @ DW_AT_prototyped
	.byte	16                              @ Abbrev [16] 0x3b2:0x15 DW_TAG_subprogram
	.long	.Lfunc_begin3                   @ DW_AT_low_pc
	.long	.Lfunc_end3-.Lfunc_begin3       @ DW_AT_high_pc
	.byte	1                               @ DW_AT_frame_base
	.byte	93
	.long	.Linfo_string63                 @ DW_AT_name
	.byte	3                               @ DW_AT_decl_file
	.byte	37                              @ DW_AT_decl_line
                                        @ DW_AT_prototyped
	.long	967                             @ DW_AT_type
                                        @ DW_AT_external
	.byte	9                               @ Abbrev [9] 0x3c7:0xb DW_TAG_typedef
	.long	978                             @ DW_AT_type
	.long	.Linfo_string65                 @ DW_AT_name
	.byte	1                               @ DW_AT_decl_file
	.byte	58                              @ DW_AT_decl_line
	.byte	10                              @ Abbrev [10] 0x3d2:0x7 DW_TAG_base_type
	.long	.Linfo_string64                 @ DW_AT_name
	.byte	5                               @ DW_AT_encoding
	.byte	4                               @ DW_AT_byte_size
	.byte	0                               @ End Of Children Mark
.Ldebug_info_end0:
	.section	.debug_ranges,"",%progbits
.Ldebug_ranges0:
	.long	.Lfunc_begin0
	.long	.Lfunc_end0
	.long	.Lfunc_begin1
	.long	.Lfunc_end1
	.long	.Lfunc_begin2
	.long	.Lfunc_end2
	.long	.Lfunc_begin3
	.long	.Lfunc_end3
	.long	0
	.long	0
	.section	.debug_str,"MS",%progbits,1
.Linfo_string0:
	.asciz	"Component: Arm Compiler for Embedded 6.18 Tool: armclang [5e4cca00]" @ string offset=0
.Linfo_string1:
	.asciz	"..\\main.c"                    @ string offset=68
.Linfo_string2:
	.asciz	"E:\\BERSY\\sdk\\SampleCode\\NuCodeGen\\scale_v1\\KEIL" @ string offset=78
.Linfo_string3:
	.asciz	"PDID"                          @ string offset=126
.Linfo_string4:
	.asciz	"unsigned int"                  @ string offset=131
.Linfo_string5:
	.asciz	"uint32_t"                      @ string offset=144
.Linfo_string6:
	.asciz	"RSTSTS"                        @ string offset=153
.Linfo_string7:
	.asciz	"IPRST0"                        @ string offset=160
.Linfo_string8:
	.asciz	"IPRST1"                        @ string offset=167
.Linfo_string9:
	.asciz	"IPRST2"                        @ string offset=174
.Linfo_string10:
	.asciz	"RESERVE0"                      @ string offset=181
.Linfo_string11:
	.asciz	"__ARRAY_SIZE_TYPE__"           @ string offset=190
.Linfo_string12:
	.asciz	"BODCTL"                        @ string offset=210
.Linfo_string13:
	.asciz	"IVSCTL"                        @ string offset=217
.Linfo_string14:
	.asciz	"RESERVE1"                      @ string offset=224
.Linfo_string15:
	.asciz	"PORCTL0"                       @ string offset=233
.Linfo_string16:
	.asciz	"VREFCTL"                       @ string offset=241
.Linfo_string17:
	.asciz	"RESERVE2"                      @ string offset=249
.Linfo_string18:
	.asciz	"GPA_MFPL"                      @ string offset=258
.Linfo_string19:
	.asciz	"GPA_MFPH"                      @ string offset=267
.Linfo_string20:
	.asciz	"GPB_MFPL"                      @ string offset=276
.Linfo_string21:
	.asciz	"GPB_MFPH"                      @ string offset=285
.Linfo_string22:
	.asciz	"GPC_MFPL"                      @ string offset=294
.Linfo_string23:
	.asciz	"GPC_MFPH"                      @ string offset=303
.Linfo_string24:
	.asciz	"GPD_MFPL"                      @ string offset=312
.Linfo_string25:
	.asciz	"GPD_MFPH"                      @ string offset=321
.Linfo_string26:
	.asciz	"GPE_MFPL"                      @ string offset=330
.Linfo_string27:
	.asciz	"GPE_MFPH"                      @ string offset=339
.Linfo_string28:
	.asciz	"GPF_MFPL"                      @ string offset=348
.Linfo_string29:
	.asciz	"GPF_MFPH"                      @ string offset=357
.Linfo_string30:
	.asciz	"RESERVE3"                      @ string offset=366
.Linfo_string31:
	.asciz	"GPA_MFOS"                      @ string offset=375
.Linfo_string32:
	.asciz	"GPB_MFOS"                      @ string offset=384
.Linfo_string33:
	.asciz	"GPC_MFOS"                      @ string offset=393
.Linfo_string34:
	.asciz	"GPD_MFOS"                      @ string offset=402
.Linfo_string35:
	.asciz	"GPE_MFOS"                      @ string offset=411
.Linfo_string36:
	.asciz	"GPF_MFOS"                      @ string offset=420
.Linfo_string37:
	.asciz	"RESERVE4"                      @ string offset=429
.Linfo_string38:
	.asciz	"MODCTL"                        @ string offset=438
.Linfo_string39:
	.asciz	"RESERVE5"                      @ string offset=445
.Linfo_string40:
	.asciz	"SRAM_BISTCTL"                  @ string offset=454
.Linfo_string41:
	.asciz	"SRAM_BISTSTS"                  @ string offset=467
.Linfo_string42:
	.asciz	"RESERVE6"                      @ string offset=480
.Linfo_string43:
	.asciz	"HIRCTRIMCTL"                   @ string offset=489
.Linfo_string44:
	.asciz	"HIRCTRIMIEN"                   @ string offset=501
.Linfo_string45:
	.asciz	"HIRCTRIMSTS"                   @ string offset=513
.Linfo_string46:
	.asciz	"RESERVE7"                      @ string offset=525
.Linfo_string47:
	.asciz	"REGLCTL"                       @ string offset=534
.Linfo_string48:
	.asciz	"MIRCTRIMCTL"                   @ string offset=542
.Linfo_string49:
	.asciz	"MIRCTRIMIEN"                   @ string offset=554
.Linfo_string50:
	.asciz	"MIRCTRIMSTS"                   @ string offset=566
.Linfo_string51:
	.asciz	"RESERVE8"                      @ string offset=578
.Linfo_string52:
	.asciz	"RTCLVRIEN"                     @ string offset=587
.Linfo_string53:
	.asciz	"RTCLVRSTS"                     @ string offset=597
.Linfo_string54:
	.asciz	"RESERVE9"                      @ string offset=607
.Linfo_string55:
	.asciz	"PORCTL1"                       @ string offset=616
.Linfo_string56:
	.asciz	"RESERVE10"                     @ string offset=624
.Linfo_string57:
	.asciz	"PLCTL"                         @ string offset=634
.Linfo_string58:
	.asciz	"PLSTS"                         @ string offset=640
.Linfo_string59:
	.asciz	"SYS_T"                         @ string offset=646
.Linfo_string60:
	.asciz	"System_Init"                   @ string offset=652
.Linfo_string61:
	.asciz	"SYS_UnlockReg"                 @ string offset=664
.Linfo_string62:
	.asciz	"SYS_LockReg"                   @ string offset=678
.Linfo_string63:
	.asciz	"main"                          @ string offset=690
.Linfo_string64:
	.asciz	"int"                           @ string offset=695
.Linfo_string65:
	.asciz	"int32_t"                       @ string offset=699
	.ident	"Component: Arm Compiler for Embedded 6.18 Tool: armclang [5e4cca00]"
	.section	".note.GNU-stack","",%progbits
	.eabi_attribute	30, 6	@ Tag_ABI_optimization_goals
	.ARM_attribute	16, 1	@ Tag_AV_eba
	.section	.debug_line,"",%progbits
.Lline_table_start0:
